# Starting training
# total num. idxs: 10
# out_train_std_dev: 0.22674358945934123
# epoch train_loss test_loss train_mae test_mae val_mae time
1 0.2576339872389431 0.042270323773195 115.29983716367296 113.79237123920844 -1 20.268199682235718
2 0.25592944806783574 0.04199273200330047 -1 -1 -1 1.5377726554870605
3 0.2541791714937646 0.04159449846344862 -1 -1 -1 1.0319499969482422
4 0.2517822084390441 0.041049595295651796 -1 -1 -1 1.569476842880249
5 0.24828064497236804 0.04033683941546112 -1 -1 -1 3.145897388458252
6 0.24384191673442374 0.03945238295351813 -1 -1 -1 0.9160466194152832
7 0.2384101424760734 0.03840493353959669 -1 -1 -1 1.0140843391418457
8 0.23207167453797647 0.03721301004292081 -1 -1 -1 1.0071687698364258
9 0.2247772985954285 0.0358908217196216 -1 -1 -1 1.0103309154510498
10 0.21681759234310188 0.03444417456962762 -1 -1 -1 1.0159752368927002
11 0.20813649488487374 0.03288219851451807 115.29983716367296 113.79237123920844 -1 3.3456602096557617
12 0.19866167664748258 0.03120377857207635 -1 -1 -1 1.2126052379608154
13 0.18864627496613812 0.02937864726624854 -1 -1 -1 1.014634370803833
14 0.1777245011853043 0.02737403485323964 -1 -1 -1 1.0149109363555908
15 0.16559043463989614 0.02517919019832047 -1 -1 -1 1.0119099617004395
16 0.15236677632496376 0.02284587902702387 -1 -1 -1 0.9106786251068115
17 0.1387149794351382 0.020483758762161273 -1 -1 -1 1.0155346393585205
18 0.12481972880856727 0.018196344933125785 -1 -1 -1 1.0124084949493408
19 0.11163164565208071 0.016051366754935056 -1 -1 -1 1.0127995014190674
20 0.09965578050565027 0.01406819106710801 -1 -1 -1 1.012613296508789
21 0.08882837450575003 0.012313994606125075 109.78576004031119 107.62378836826588 -1 3.500439405441284
22 0.07929850083220959 0.010863497071459602 -1 -1 -1 1.4512474536895752
23 0.07163611750694737 0.009582477729813531 -1 -1 -1 1.1916413307189941
24 0.06527550342215914 0.008369682786344215 -1 -1 -1 1.6106617450714111
25 0.058768906478398435 0.007448629333978461 -1 -1 -1 0.9359781742095947
26 0.053662441682746115 0.006548518408616103 -1 -1 -1 2.0134437084198
27 0.04872803957027909 0.005880211262984589 -1 -1 -1 1.0493171215057373
28 0.04488499390220073 0.005187097341876586 -1 -1 -1 1.0248007774353027
29 0.04072658686306525 0.00471104129985813 -1 -1 -1 1.0616567134857178
30 0.037207902796529496 0.004183368281739389 -1 -1 -1 1.0420231819152832
31 0.03377606233501263 0.0037978482652585416 120.5045218773065 114.25404448764834 -1 4.069602012634277
32 0.030969733886262115 0.0034419886983557794 -1 -1 -1 1.5444245338439941
33 0.028301022545074578 0.003097137111130576 -1 -1 -1 1.1374151706695557
34 0.02594964794981569 0.0028218673198853765 -1 -1 -1 1.0442543029785156
35 0.024001268233276828 0.002600179753336734 -1 -1 -1 0.9327516555786133
36 0.02246513024907785 0.002417901202420527 -1 -1 -1 1.0547971725463867
37 0.02111299053341715 0.0022330590751696295 -1 -1 -1 1.0944666862487793
38 0.019803941276878022 0.0021150046685752258 -1 -1 -1 1.4273874759674072
39 0.018722400663397785 0.001959440355912926 -1 -1 -1 1.0858278274536133
40 0.017854300388574943 0.0017900990054697027 -1 -1 -1 1.0789666175842285
41 0.01676891004918994 0.001666493446520221 111.64155768758928 109.38828740659997 -1 3.689652919769287
42 0.01589394066767038 0.0015673856325623076 -1 -1 -1 2.1305220127105713
43 0.01513984626509891 0.0014956994830390747 -1 -1 -1 1.1012763977050781
44 0.014482158846708209 0.0013937105731928782 -1 -1 -1 0.9178049564361572
45 0.01378858210622997 0.0013040274667378384 -1 -1 -1 1.0240416526794434
46 0.013147272835896824 0.0012327012414525367 -1 -1 -1 1.0160460472106934
47 0.012595729382647388 0.001167904213408368 -1 -1 -1 1.0196540355682373
48 0.012123378084562939 0.0011190216725935106 -1 -1 -1 1.222182035446167
49 0.011647134209121167 0.0010569830236969388 -1 -1 -1 1.0747885704040527
50 0.0111645909861234 0.0010074980551923734 -1 -1 -1 1.7788631916046143
51 0.010730420100669654 0.000976550228258844 80.4182780364854 78.89292783181816 -1 3.593456745147705
52 0.010329731519986406 0.0009359207821213331 -1 -1 -1 1.5838961601257324
53 0.009918911262979942 0.0009027268518980049 -1 -1 -1 1.431938886642456
54 0.009534716565429499 0.0008702126885875021 -1 -1 -1 0.9436807632446289
55 0.009241984157057483 0.0008343325931517117 -1 -1 -1 1.0886683464050293
56 0.008917854261315115 0.0008004017757018959 -1 -1 -1 1.0825753211975098
57 0.008614691972239909 0.0007716549388792044 -1 -1 -1 1.0816388130187988
58 0.008331902265127514 0.0007351953827407912 -1 -1 -1 1.0875110626220703
59 0.008038983477124036 0.0006973912202374995 -1 -1 -1 1.0926048755645752
60 0.007731140961663866 0.0006719776322389585 -1 -1 -1 1.0791938304901123
61 0.0074461076853969965 0.0006523442876402568 65.33809336080036 61.96788709753716 -1 4.063015699386597
62 0.007221478517760881 0.0006280244140395466 -1 -1 -1 1.4172849655151367
63 0.007018628070966287 0.0006007946127077985 -1 -1 -1 0.918952226638794
64 0.006765985105548087 0.0005770735623364967 -1 -1 -1 1.6186442375183105
65 0.0065566541202105475 0.00055638006510894 -1 -1 -1 1.011319637298584
66 0.006350926164170067 0.0005445666046174551 -1 -1 -1 1.010918378829956
67 0.0061792111344508545 0.0005222722305077269 -1 -1 -1 1.318617820739746
68 0.005983573855156738 0.00050684848508176 -1 -1 -1 1.9664323329925537
69 0.005793993953018379 0.0004963326971830527 -1 -1 -1 1.0275983810424805
70 0.005611882547245464 0.00048485737145394117 -1 -1 -1 1.0204524993896484
71 0.005481785664345731 0.00047119396492077963 55.17744244013502 50.61270953257723 -1 3.621626853942871
72 0.005312691163531619 0.0004528212818187924 -1 -1 -1 1.4893982410430908
73 0.005138189012452968 0.0004359217627621767 -1 -1 -1 0.9447057247161865
74 0.004995584088458268 0.0004281746149484084 -1 -1 -1 1.132568120956421
75 0.00485524717004362 0.0004121354918436361 -1 -1 -1 1.0821137428283691
76 0.004706567668895352 0.00040184743614651484 -1 -1 -1 1.0899131298065186
77 0.0045720577896314766 0.0003937742728819108 -1 -1 -1 1.0890510082244873
78 0.004446379241465764 0.0003807232898251384 -1 -1 -1 1.0895373821258545
79 0.004333837530708761 0.0003745355115037395 -1 -1 -1 1.0841834545135498
80 0.004235113014168418 0.00036729768825120623 -1 -1 -1 0.9373209476470947
81 0.0041275807017738305 0.0003647300267566947 47.99918152063902 43.149622399078126 -1 3.8743133544921875
82 0.004057585973110471 0.00036241974806393876 -1 -1 -1 1.750333309173584
83 0.003989037796113656 0.0003538539585931673 -1 -1 -1 0.91986083984375
84 0.0038642537382009715 0.0003382935412618517 -1 -1 -1 1.0192089080810547
85 0.003724228040046436 0.00032942154042858035 -1 -1 -1 1.0188603401184082
86 0.003611946693458814 0.00031878551525488686 -1 -1 -1 1.0654480457305908
87 0.0035147925387628435 0.00031409181555910057 -1 -1 -1 1.0316877365112305
88 0.0034438616171800734 0.00030581053704454745 -1 -1 -1 1.0239806175231934
89 0.0033431308500655515 0.0002950200904728991 -1 -1 -1 1.0321149826049805
90 0.0032631764749800757 0.0002958347145196356 -1 -1 -1 0.9256556034088135
91 0.0031834186419972747 0.0002870852379887301 41.7871558142 36.97816614644298 -1 3.765676498413086
92 0.0031101304496019876 0.00028300030067584896 -1 -1 -1 1.7391929626464844
93 0.0030222233906054405 0.000273632998022698 -1 -1 -1 0.917769193649292
94 0.002943827734399268 0.00026619753237694247 -1 -1 -1 1.668607473373413
95 0.002853526505673481 0.00025812655700679183 -1 -1 -1 1.109797477722168
96 0.0027777292906818996 0.00025403658511542813 -1 -1 -1 1.3127121925354004
97 0.0027176528376954808 0.00025533244680874635 -1 -1 -1 1.021902322769165
98 0.0026824173178410697 0.0002510581148682981 -1 -1 -1 1.0284302234649658
99 0.0026229724372453813 0.0002438282629513029 -1 -1 -1 1.0245089530944824
100 0.0025665873757661677 0.00024150541609312473 -1 -1 -1 0.9168777465820312
101 0.002509415050643619 0.00023688806865423362 37.192101555474174 32.53399645072708 -1 3.897446632385254
102 0.002442887591523186 0.00023356455025990515 -1 -1 -1 2.7082016468048096
103 0.0024096911557427306 0.0002354671822304607 -1 -1 -1 1.1127095222473145
104 0.002351740577075784 0.00022155961681870597 -1 -1 -1 1.0295915603637695
105 0.0022735566687676883 0.00021648203461320433 -1 -1 -1 1.1776759624481201
106 0.002200140734998489 0.000210431481479146 -1 -1 -1 1.0199286937713623
107 0.00214620561727206 0.00020631958035810375 -1 -1 -1 1.0326192378997803
108 0.002098480757934766 0.00020425296370832943 -1 -1 -1 1.0122215747833252
109 0.0020562848676541744 0.000201580327288449 -1 -1 -1 2.2601563930511475
110 0.002012357411519977 0.00019994415729609544 -1 -1 -1 1.0234625339508057
111 0.0019808918309133228 0.0001975653822302664 33.14814395693593 28.720090197849437 -1 3.541813373565674
112 0.001950450974294869 0.00020144528607033218 -1 -1 -1 0.9368274211883545
113 0.0019441341162218548 0.00020609483001861597 -1 -1 -1 1.5375425815582275
114 0.001973211096285399 0.00022309194787608407 -1 -1 -1 1.06126070022583
115 0.0020060517879877367 0.00021114151884192583 -1 -1 -1 1.065361738204956
116 0.0019445746791091755 0.00020071899430226364 -1 -1 -1 1.089526653289795
117 0.0018337581405978856 0.00017697513504641004 -1 -1 -1 1.0375282764434814
118 0.0017179222418708603 0.0001787437044815455 -1 -1 -1 1.0146076679229736
119 0.0017233252892015073 0.00020252261819224166 -1 -1 -1 0.917978048324585
120 0.001795736202077595 0.00019935703329674654 -1 -1 -1 1.0218853950500488
121 0.001801203000231248 0.00018044690776861772 29.92353060187712 25.741680899673955 -1 3.9484758377075195
122 0.0016385178001187067 0.00017650017300591958 -1 -1 -1 2.031700611114502
123 0.0015830566454565441 0.000185375892823668 -1 -1 -1 1.0231854915618896
124 0.0016778774007441596 0.000199541225751023 -1 -1 -1 1.0203640460968018
125 0.001671345256812487 0.00017723247701832934 -1 -1 -1 1.0130293369293213
126 0.001583031007497203 0.00017350044317779932 -1 -1 -1 1.0179643630981445
127 0.0015337657232234487 0.00020063697271660767 -1 -1 -1 1.0235991477966309
128 0.001624732910533277 0.000193328925129953 -1 -1 -1 1.0238237380981445
129 0.0015995529232870993 0.00017296919818326565 -1 -1 -1 0.9209072589874268
130 0.001504454881216401 0.00016721018683252208 -1 -1 -1 1.1123697757720947
131 0.0014181809240631843 0.00015647287471471326 27.241988388543714 23.359933882132005 -1 3.7104485034942627
132 0.0013723590390877845 0.00015254128208844916 -1 -1 -1 1.3469171524047852
133 0.0013222791912517364 0.00015537755751067624 -1 -1 -1 1.179466724395752
134 0.001302517936823 0.0001565798414690319 -1 -1 -1 1.031506061553955
135 0.0013292966515154002 0.000157271710915822 -1 -1 -1 1.4875118732452393
136 0.001300908284287028 0.00014338126777554402 -1 -1 -1 1.054973840713501
137 0.001234730910420925 0.00013751525438563102 -1 -1 -1 1.2888011932373047
138 0.0011899212281189714 0.0001426864842059493 -1 -1 -1 1.8639373779296875
139 0.0011973589957830829 0.00014329336953717661 -1 -1 -1 1.0293524265289307
140 0.0011971231763931408 0.00014190213916856338 -1 -1 -1 1.0260670185089111
141 0.0011647989423113048 0.00013657660409503478 24.96174376963455 21.4297353034317 -1 3.499929666519165
142 0.0011342090581008815 0.00013553337095408347 -1 -1 -1 1.6854290962219238
143 0.0011040945839183077 0.0001337928971058954 -1 -1 -1 1.3232975006103516
144 0.0010900652988574421 0.00013153687360691578 -1 -1 -1 1.033341407775879
145 0.0010835241108199903 0.00013144858817531796 -1 -1 -1 1.0530688762664795
146 0.001062103697527296 0.00012611958572156853 -1 -1 -1 1.0138945579528809
147 0.001037028611670338 0.00012569322711482038 -1 -1 -1 0.9176609516143799
148 0.0010179183309771303 0.00012457539518900078 -1 -1 -1 1.0233218669891357
149 0.0010099681397108236 0.00012530196804646753 -1 -1 -1 1.0180838108062744
150 0.0009951206751750783 0.00012412233366567222 -1 -1 -1 1.0155398845672607
151 0.0009772481881566112 0.00012009668778429218 23.159213418165375 19.958709489804775 -1 3.7444357872009277
152 0.000959830140789581 0.00011814945824623135 -1 -1 -1 1.333672285079956
153 0.000947090628257128 0.00011729330712623318 -1 -1 -1 1.0231077671051025
154 0.0009370668767821906 0.0001188264405716594 -1 -1 -1 1.030181646347046
155 0.0009246552040000321 0.00011955099198744491 -1 -1 -1 1.0194528102874756
156 0.0009117794340308237 0.0001189888872211828 -1 -1 -1 0.9186398983001709
157 0.0009006580434613532 0.00011655108750521778 -1 -1 -1 1.0481886863708496
158 0.0008918593965456012 0.00011439699382084534 -1 -1 -1 1.316028356552124
159 0.0008849163814262587 0.0001137150495768077 -1 -1 -1 1.700314998626709
160 0.0008801862934324973 0.00011683352610347411 -1 -1 -1 1.4217371940612793
161 0.0008726408542688731 0.00011744905883594841 21.601822095809215 18.702967942960598 -1 3.7075867652893066
162 0.0008722037626550408 0.00012054549016649827 -1 -1 -1 1.3060894012451172
163 0.0008750700391807289 0.0001101096485940802 -1 -1 -1 1.3287148475646973
164 0.000830352726835063 0.00010731815740092342 -1 -1 -1 1.23591947555542
165 0.0008105943960434659 0.0001092524992219306 -1 -1 -1 1.3269569873809814
166 0.000797558991393706 0.00011079704701207912 -1 -1 -1 0.9806721210479736
167 0.0007931483584666988 0.00010777691436428816 -1 -1 -1 1.1344308853149414
168 0.0007889311734046637 0.00010779214704224633 -1 -1 -1 1.1922922134399414
169 0.0007793990144183986 0.00010569036504927768 -1 -1 -1 1.0640175342559814
170 0.0007696404570614495 0.0001056265782535745 -1 -1 -1 1.0607585906982422
171 0.0007536094642961196 0.00010325334288072958 20.27209127680959 17.650806504336103 -1 3.970855712890625
172 0.0007423973418740964 0.00010154925603533184 -1 -1 -1 1.2180719375610352
173 0.0007321298771296053 0.00010146362454472942 -1 -1 -1 1.964766263961792
174 0.0007286850181108788 0.00010251057976023982 -1 -1 -1 1.1240718364715576
175 0.0007163652556530499 0.00010100726697853657 -1 -1 -1 1.3125112056732178
176 0.0007041475249921218 0.00010131436272003551 -1 -1 -1 1.0984888076782227
177 0.0006937131620938806 9.961181644480619e-05 -1 -1 -1 1.3221755027770996
178 0.0006872669452024031 9.848703340413019e-05 -1 -1 -1 1.1278862953186035
179 0.0006787940335481713 9.597356793871294e-05 -1 -1 -1 1.0346014499664307
180 0.000668442864951591 9.253527758160303e-05 -1 -1 -1 1.0333061218261719
181 0.0006618589811161533 9.062266548196747e-05 18.95330666692603 16.633826796558473 -1 3.8031156063079834
182 0.0006536891243172386 9.080533553461945e-05 -1 -1 -1 1.1912734508514404
183 0.0006486168063977372 9.414440708277657e-05 -1 -1 -1 1.0268385410308838
184 0.0006396269226510311 9.34964412531761e-05 -1 -1 -1 1.0195879936218262
185 0.0006340705934897093 9.4348313704463e-05 -1 -1 -1 0.924189567565918
186 0.0006283881868360295 9.300671203188907e-05 -1 -1 -1 1.0236773490905762
187 0.0006220592418343523 9.329048176990158e-05 -1 -1 -1 1.017225742340088
188 0.0006239810101850375 9.593139883408387e-05 -1 -1 -1 1.0211656093597412
189 0.0006339786465870528 0.0001029842243583454 -1 -1 -1 1.0226922035217285
190 0.0006560111511648544 0.0001132380206613899 -1 -1 -1 1.036785364151001
191 0.0007116220672787729 0.00012786808494554574 17.942363369445264 15.779671676037648 -1 3.974517822265625
192 0.0007804576472070454 0.00012229312452627 -1 -1 -1 1.4645898342132568
193 0.0007767588010739011 0.0001207500658850835 -1 -1 -1 1.2533843517303467
194 0.0007313807771734247 0.00010185628133855145 -1 -1 -1 0.9611597061157227
195 0.0006330366489014302 8.628783076123342e-05 -1 -1 -1 1.1644134521484375
196 0.0005626680865870382 8.873756959958937e-05 -1 -1 -1 1.2231183052062988
197 0.0005749178494593011 9.341871863069607e-05 -1 -1 -1 1.0666604042053223
198 0.0006055774496964743 8.981275021727804e-05 -1 -1 -1 1.0699315071105957
199 0.0005874450316457858 8.81852136997191e-05 -1 -1 -1 1.0689783096313477
200 0.0005516737493569885 8.440091095127792e-05 -1 -1 -1 1.0597343444824219
201 0.0005321175205960046 8.736707786914712e-05 17.098020469127896 15.203117346151126 -1 3.845641613006592
202 0.0005335960078804733 8.745185864443551e-05 -1 -1 -1 2.28019380569458
203 0.0005440320908830275 8.508003220186272e-05 -1 -1 -1 1.0273582935333252
204 0.0005362071941383862 8.221449456131647e-05 -1 -1 -1 0.9188666343688965
205 0.0005171340629968952 8.052084709756933e-05 -1 -1 -1 1.0230474472045898
206 0.000507319497382859 7.90176586069906e-05 -1 -1 -1 1.2887449264526367
207 0.0005088031974376314 8.106085269466759e-05 -1 -1 -1 3.1675589084625244
208 0.000511539214846847 8.258481309857222e-05 -1 -1 -1 1.036339521408081
209 0.0005116341347963993 8.869664135243173e-05 -1 -1 -1 1.0356864929199219
210 0.0005234984045247347 8.877360618036666e-05 -1 -1 -1 1.0179972648620605
211 0.0005415517283439664 0.0001045408535604007 16.153569354621272 14.467219711092662 -1 3.8731093406677246
212 0.0005990765381534845 0.00010693619602880297 -1 -1 -1 1.2544827461242676
213 0.0006450173259286169 0.0001072137780173736 -1 -1 -1 0.921433687210083
214 0.0006325163015871836 9.963004169634162e-05 -1 -1 -1 1.8851804733276367
215 0.0006517262782143434 0.000118147549177786 -1 -1 -1 1.1354272365570068
216 0.0006613179720052129 0.00010070132094696177 -1 -1 -1 1.1274027824401855
217 0.0006421019310409413 9.59779197452e-05 -1 -1 -1 1.0238540172576904
218 0.0005448708043088803 7.478742806125253e-05 -1 -1 -1 1.2744317054748535
219 0.00044716100178856665 8.115008490207735e-05 -1 -1 -1 1.0145020484924316
220 0.0005158466486696863 8.448162710885071e-05 -1 -1 -1 1.1609742641448975
221 0.00048383004284653826 7.559061551296011e-05 15.515155906824623 13.858597709472985 -1 3.917031764984131
222 0.0004365805128359305 7.943884502817843e-05 -1 -1 -1 3.389476776123047
223 0.0004653169331528027 7.644968469301245e-05 -1 -1 -1 1.1959311962127686
224 0.00044554152779833405 7.340377027646154e-05 -1 -1 -1 1.1091759204864502
225 0.0004301687738268292 7.191021739874093e-05 -1 -1 -1 1.0192902088165283
226 0.0004396423365683282 7.07429418053455e-05 -1 -1 -1 1.0081603527069092
227 0.00042570483545026637 7.276737293818912e-05 -1 -1 -1 1.0122287273406982
228 0.00042226133536050835 7.262897804851812e-05 -1 -1 -1 1.019383430480957
229 0.0004249776209314247 7.244702099634382e-05 -1 -1 -1 1.006098985671997
230 0.0004119453291289913 7.174285300075524e-05 -1 -1 -1 0.9113621711730957
231 0.0004113850483107794 6.938907942550251e-05 14.818149727189224 13.316379006439094 -1 3.789574384689331
232 0.00041239492133713425 7.098400014585238e-05 -1 -1 -1 1.366365671157837
233 0.0004030344292742053 7.084707947818587e-05 -1 -1 -1 1.2033534049987793
234 0.0004038463574731249 6.784328554774636e-05 -1 -1 -1 1.0153782367706299
235 0.0003991356974743557 6.7717170504884e-05 -1 -1 -1 1.015841007232666
236 0.0003954807702387832 6.995199175898361e-05 -1 -1 -1 1.0122692584991455
237 0.00039252569987294916 6.976859733263844e-05 -1 -1 -1 1.023322343826294
238 0.000390314791201415 6.98714627043466e-05 -1 -1 -1 1.0206124782562256
239 0.00038722575210995867 6.782165080067907e-05 -1 -1 -1 1.0154213905334473
240 0.00038457295515974445 6.54823107950508e-05 -1 -1 -1 0.9580073356628418
241 0.0003813765176921908 6.517607973542401e-05 14.346010250311053 12.910504677405594 -1 3.651703119277954
242 0.0003779821196476404 6.558560051313831e-05 -1 -1 -1 1.502737045288086
243 0.00037693617666314095 6.687723909191989e-05 -1 -1 -1 0.915252685546875
244 0.000373040983711831 6.642345869554709e-05 -1 -1 -1 1.020310878753662
245 0.0003704940730063131 6.66502447551042e-05 -1 -1 -1 1.0125138759613037
246 0.0003686555719828611 6.583957224706854e-05 -1 -1 -1 1.1201465129852295
247 0.00036630628424586415 6.511658080316257e-05 -1 -1 -1 1.0403151512145996
248 0.0003629069311937585 6.541063505849635e-05 -1 -1 -1 1.170802354812622
249 0.0003615231143751988 6.439290083817654e-05 -1 -1 -1 1.1016786098480225
250 0.000358918677313881 6.389051646379445e-05 -1 -1 -1 1.0046260356903076
251 0.00035761739790288736 6.596162839394212e-05 13.89966176234475 12.480224054658809 -1 5.730274438858032
252 0.0003550764815268709 6.653384138641298e-05 -1 -1 -1 1.1836953163146973
253 0.0003525625368115318 6.649221842230726e-05 -1 -1 -1 1.0572943687438965
254 0.0003493838479619758 6.400408459473082e-05 -1 -1 -1 1.0473964214324951
255 0.00034737425944707636 6.149251858867348e-05 -1 -1 -1 3.1432018280029297
256 0.00034571243289069933 6.006616479296292e-05 -1 -1 -1 1.0487103462219238
257 0.0003442661588835163 6.192502305645494e-05 -1 -1 -1 1.0543596744537354
258 0.00034046501295494075 6.114532881923172e-05 -1 -1 -1 1.0555827617645264
259 0.00033817161797612097 6.155568359390603e-05 -1 -1 -1 0.9980874061584473
260 0.00033572938478859194 6.183413114435303e-05 -1 -1 -1 1.0500102043151855
261 0.0003337519748687212 6.153915271426485e-05 13.459090029553566 12.170261664403508 -1 3.61263108253479
262 0.0003332985831426549 6.357930283172643e-05 -1 -1 -1 0.9455335140228271
263 0.0003301298925291271 6.218676606142483e-05 -1 -1 -1 1.0329861640930176
264 0.0003282987511517758 6.0489481076630256e-05 -1 -1 -1 1.0317962169647217
265 0.0003253874419919153 5.957454001303192e-05 -1 -1 -1 1.0276010036468506
266 0.00032336286664238123 5.893799582083979e-05 -1 -1 -1 1.030644178390503
267 0.0003217098710386199 5.888013975413877e-05 -1 -1 -1 1.030444622039795
268 0.00032029303093635957 6.069355033620942e-05 -1 -1 -1 1.0366880893707275
269 0.0003186611550671567 6.203651727201334e-05 -1 -1 -1 0.9235920906066895
270 0.00031580916508159836 6.031449666898035e-05 -1 -1 -1 1.033261775970459
271 0.00031370002049612594 6.006643761916422e-05 13.043938703213241 11.76737823067249 -1 5.481863975524902
272 0.000312349817663249 5.796158540853514e-05 -1 -1 -1 1.307671070098877
273 0.0003096590389894174 5.703444094521149e-05 -1 -1 -1 1.0663056373596191
274 0.00030771247843861677 5.6626564066195604e-05 -1 -1 -1 1.0537800788879395
275 0.0003058815501892492 5.6885775386664776e-05 -1 -1 -1 1.0529999732971191
276 0.0003036864586096732 5.743956827437957e-05 -1 -1 -1 1.045297384262085
277 0.00030152906996208526 5.770590501003905e-05 -1 -1 -1 1.0417919158935547
278 0.0002997061962770818 5.80237655220949e-05 -1 -1 -1 1.0363667011260986
279 0.0002996277981770404 5.9975108301312106e-05 -1 -1 -1 0.9286630153656006
280 0.0002967102747973665 5.83050972734597e-05 -1 -1 -1 1.1001405715942383
281 0.0002949700833207094 5.809783550347598e-05 12.670899293851287 11.467004916115183 -1 5.188802480697632
282 0.0002928744627205628 5.7262975766786735e-05 -1 -1 -1 1.5180137157440186
283 0.00029191935078196404 5.485454261446284e-05 -1 -1 -1 1.0094399452209473
284 0.00028914478338066716 5.426665288823456e-05 -1 -1 -1 1.0090057849884033
285 0.0002888195054369606 5.5546861164644565e-05 -1 -1 -1 1.0100879669189453
286 0.00028584526442626 5.480988072200115e-05 -1 -1 -1 2.250643253326416
287 0.00028515964361312655 5.638326508046402e-05 -1 -1 -1 1.0192029476165771
288 0.00028255809777101055 5.5055762191498135e-05 -1 -1 -1 0.9799337387084961
289 0.0002806922992613219 5.4417377007966706e-05 -1 -1 -1 1.024320363998413
290 0.0002794857402091983 5.518079028313036e-05 -1 -1 -1 1.0183734893798828
291 0.0002775089747019965 5.5410848727898156e-05 12.305892374954025 11.15707850012799 -1 3.7847254276275635
292 0.0002756720812247143 5.4072191493611936e-05 -1 -1 -1 3.4787304401397705
293 0.0002741503712063879 5.280768227283567e-05 -1 -1 -1 1.1326391696929932
294 0.00027212182899242034 5.270540304426069e-05 -1 -1 -1 3.7333781719207764
295 0.00027090712196261327 5.25130186340436e-05 -1 -1 -1 1.067559003829956
296 0.00026893703982132334 5.2722375238870325e-05 -1 -1 -1 1.0780210494995117
297 0.00026711202450595414 5.3200018781370575e-05 -1 -1 -1 0.9269859790802002
298 0.00026565057465509324 5.341574018215761e-05 -1 -1 -1 1.0206127166748047
299 0.0002648760402072181 5.454847960226309e-05 -1 -1 -1 1.1132805347442627
300 0.0002632841994655268 5.340084254411206e-05 -1 -1 -1 1.0453917980194092
301 0.0002615542093664992 5.207713619040236e-05 11.953500138200818 10.829148446786956 -1 3.9787631034851074
302 0.00025925811410837325 5.177153952945987e-05 -1 -1 -1 2.3195345401763916
303 0.0002582699635308547 5.111769361663308e-05 -1 -1 -1 1.0365886688232422
304 0.0002571311058983003 5.211543996458954e-05 -1 -1 -1 1.3223602771759033
305 0.000255384433167404 5.2761197872908534e-05 -1 -1 -1 1.0272538661956787
306 0.00025407597456902865 5.1352768470977424e-05 -1 -1 -1 0.92234206199646
307 0.0002527767627066935 5.2129648869358806e-05 -1 -1 -1 1.046445369720459
308 0.0002510913002272254 5.228435246389045e-05 -1 -1 -1 1.1320805549621582
309 0.0002494279221957388 5.195441175517136e-05 -1 -1 -1 1.0298559665679932
310 0.0002479111489670176 4.931861733334693e-05 -1 -1 -1 1.0221920013427734
311 0.00024616082428080316 4.821305870010328e-05 11.616974495974972 10.5293483803352 -1 4.2292444705963135
312 0.00024479478411360006 4.8085681857619376e-05 -1 -1 -1 1.207815170288086
313 0.0002431989463058539 4.857003292428582e-05 -1 -1 -1 1.0162346363067627
314 0.00024343801200405818 5.074565111058004e-05 -1 -1 -1 1.040520429611206
315 0.0002406246565478808 4.993229895263655e-05 -1 -1 -1 1.340522289276123
316 0.0002392259750677444 4.932197729995564e-05 -1 -1 -1 0.908646821975708
317 0.00023775836938189331 4.8995625238497404e-05 -1 -1 -1 1.0066766738891602
318 0.00023697604676187051 4.9717641976581804e-05 -1 -1 -1 1.0051469802856445
319 0.00023599423800870265 5.053105356681122e-05 -1 -1 -1 1.0047223567962646
320 0.00023469884518896667 4.817495243383637e-05 -1 -1 -1 1.0057084560394287
321 0.00023301279973265897 4.86300347864963e-05 11.30471126709024 10.214528608909626 -1 3.732058048248291
322 0.00023160144177548494 4.865448517744807e-05 -1 -1 -1 2.1533238887786865
323 0.00023010904465805022 4.699952144366752e-05 -1 -1 -1 1.0159857273101807
324 0.00022929146377044678 4.7774218521776703e-05 -1 -1 -1 1.0104014873504639
325 0.00022747098800316568 4.748595917991292e-05 -1 -1 -1 0.9144229888916016
326 0.00022578915591691854 4.6753765564112244e-05 -1 -1 -1 1.2400104999542236
327 0.0002254435666929077 4.730093904915207e-05 -1 -1 -1 1.0904247760772705
328 0.0002240154438460893 4.7745977586626644e-05 -1 -1 -1 1.0083112716674805
329 0.00022228119293431323 4.620532082059623e-05 -1 -1 -1 1.0287353992462158
330 0.0002210855098537575 4.516931814599194e-05 -1 -1 -1 3.423103094100952
331 0.00021957692966598826 4.527573586465025e-05 10.99189667998416 10.011509559499352 -1 3.8899238109588623
332 0.00021968789306934088 4.699877874943853e-05 -1 -1 -1 1.588280439376831
333 0.0002169219060604595 4.6511552728487046e-05 -1 -1 -1 1.0279738903045654
334 0.0002162104630648875 4.565822065855009e-05 -1 -1 -1 1.134521245956421
335 0.00021514829023907767 4.612433656720422e-05 -1 -1 -1 1.1503005027770996
336 0.00021376285584444766 4.65041160958219e-05 -1 -1 -1 1.0004775524139404
337 0.0002123628835287961 4.631139811927028e-05 -1 -1 -1 1.0081870555877686
338 0.0002113549467200109 4.451606963902935e-05 -1 -1 -1 1.0106897354125977
339 0.0002103959196961015 4.3365862457961116e-05 -1 -1 -1 1.0098388195037842
340 0.00020982329228462853 4.465683240662568e-05 -1 -1 -1 1.0106542110443115
341 0.00020834796064578083 4.568074570803651e-05 10.68902426342183 9.694846444168583 -1 3.489682197570801
342 0.0002065082965840654 4.4512244752163696e-05 -1 -1 -1 1.3637094497680664
343 0.00020498324048663042 4.384873210873176e-05 -1 -1 -1 1.0079164505004883
344 0.00020491776086699359 4.492699508876185e-05 -1 -1 -1 0.9178891181945801
345 0.0002033884126290966 4.348371775245382e-05 -1 -1 -1 1.0036680698394775
346 0.00020258741986916838 4.4484766651924354e-05 -1 -1 -1 0.9963042736053467
347 0.00020101985379927863 4.408809613985504e-05 -1 -1 -1 0.996121883392334
348 0.00019955093166660297 4.3127555046958585e-05 -1 -1 -1 1.0016908645629883
349 0.0001984417164436131 4.227071813709529e-05 -1 -1 -1 1.0656888484954834
350 0.0001983712727641346 4.337753257777036e-05 -1 -1 -1 1.0235638618469238
351 0.00019662037744100914 4.25297322246639e-05 10.399758994633425 9.525493040068941 -1 3.7906689643859863
352 0.00019557471489993212 4.196553834695065e-05 -1 -1 -1 1.1945631504058838
353 0.0001944055047111724 4.219791398267462e-05 -1 -1 -1 1.020582675933838
354 0.00019380458727573597 4.225853537328878e-05 -1 -1 -1 0.9337058067321777
355 0.00019335635969485989 4.321904265898892e-05 -1 -1 -1 1.0211491584777832
356 0.0001938741702721532 4.308982635424789e-05 -1 -1 -1 1.3681373596191406
357 0.00019469191927358774 4.426431935372019e-05 -1 -1 -1 1.0307822227478027
358 0.0001934385962103726 4.3028199946427344e-05 -1 -1 -1 1.1107864379882812
359 0.0001933745997491933 4.2573452215379774e-05 -1 -1 -1 2.2095248699188232
360 0.0001920030051504438 4.155581388498982e-05 -1 -1 -1 1.2510850429534912
361 0.00019213346060883613 4.3502538915483424e-05 10.117301269381471 9.230050117304806 -1 3.916978359222412
362 0.00019192889676946338 4.325466385988409e-05 -1 -1 -1 1.3765769004821777
363 0.00019526295691031477 4.447078624508213e-05 -1 -1 -1 0.9409191608428955
364 0.00020083680394442741 4.526939505506096e-05 -1 -1 -1 1.145510196685791
365 0.00020581266982508465 4.919507914624039e-05 -1 -1 -1 1.1984891891479492
366 0.0002150596760337601 5.0468266206477806e-05 -1 -1 -1 1.015563726425171
367 0.0002290940422965152 5.5896190726182414e-05 -1 -1 -1 1.019258975982666
368 0.0002580954807514136 6.052271150403287e-05 -1 -1 -1 1.054105520248413
369 0.00028533200011464805 5.981729491950465e-05 -1 -1 -1 1.0590996742248535
370 0.000290123244765691 5.881299588535855e-05 -1 -1 -1 1.0078208446502686
371 0.0002953381084544255 6.167207233921077e-05 9.864497183457638 9.067593017133065 -1 3.80094838142395
372 0.00028514347328288854 5.032326506349867e-05 -1 -1 -1 2.2183327674865723
373 0.00023464539063728582 4.2652161075440466e-05 -1 -1 -1 1.2291550636291504
374 0.0001889118801886593 4.188039803392279e-05 -1 -1 -1 1.4189739227294922
375 0.00018023996611068343 4.358306366279962e-05 -1 -1 -1 1.030663251876831
376 0.0001890809525976708 4.1275278677563834e-05 -1 -1 -1 1.034003496170044
377 0.00017652730953447945 4.0659882083839874e-05 -1 -1 -1 1.024871587753296
378 0.00017857520548278982 3.925534673886609e-05 -1 -1 -1 1.0292563438415527
379 0.00017813653550842565 3.89915371054772e-05 -1 -1 -1 1.014289379119873
380 0.0001705015898048346 3.9435749388256735e-05 -1 -1 -1 0.9161331653594971
381 0.00017321252000425435 3.844247094291528e-05 9.681794062323295 8.862027256802797 -1 3.6118624210357666
382 0.0001711616692339169 3.9039573185790915e-05 -1 -1 -1 1.2307426929473877
383 0.00016780196065454037 3.937410424528121e-05 -1 -1 -1 0.9075040817260742
384 0.0001691945855236858 3.862954818766603e-05 -1 -1 -1 0.9952688217163086
385 0.00016810005583099154 3.806567321380504e-05 -1 -1 -1 0.9998118877410889
386 0.00016632545696209551 3.9626876281867235e-05 -1 -1 -1 0.9955754280090332
387 0.00016639898099710882 3.861768808422279e-05 -1 -1 -1 1.1707274913787842
388 0.00016572873813191312 3.784164311228696e-05 -1 -1 -1 1.0005285739898682
389 0.0001637547966062048 3.776743110069188e-05 -1 -1 -1 0.9938790798187256
390 0.00016418680459529355 3.818244586700836e-05 -1 -1 -1 0.9038770198822021
391 0.0001629541979925396 3.7733052121118815e-05 9.391489945761823 8.614749427150123 -1 3.509641408920288
392 0.000161855541893689 3.755353152180571e-05 -1 -1 -1 1.2379813194274902
393 0.0001611752094325381 3.745880651751487e-05 -1 -1 -1 0.9265456199645996
394 0.0001612292928719155 3.848021692075785e-05 -1 -1 -1 2.1039881706237793
395 0.00016035914864263347 3.892877215648691e-05 -1 -1 -1 1.5564568042755127
396 0.00015940487379205903 3.7570912091613365e-05 -1 -1 -1 1.0037665367126465
397 0.00015869976892351326 3.648031642155133e-05 -1 -1 -1 1.0071079730987549
398 0.0001577116802874887 3.615001034707257e-05 -1 -1 -1 1.0122573375701904
399 0.00015726235729419732 3.5826281323700154e-05 -1 -1 -1 1.0066585540771484
400 0.00015620599595617726 3.619815702737844e-05 -1 -1 -1 0.9089570045471191
401 0.00015666686377165267 3.751984738564781e-05 9.2105889452986 8.492034573280584 -1 3.5303702354431152
402 0.00015528337029775037 3.715329158186115e-05 -1 -1 -1 1.2787954807281494
403 0.00015475469778200465 3.65430755584888e-05 -1 -1 -1 1.029007911682129
404 0.00015383374828268847 3.618735974063001e-05 -1 -1 -1 1.0294907093048096
405 0.00015349906720001018 3.584602318291273e-05 -1 -1 -1 1.0289497375488281
406 0.00015278545118089002 3.5751952997871485e-05 -1 -1 -1 1.142364501953125
407 0.00015209785038795617 3.57083935007497e-05 -1 -1 -1 1.0482721328735352
408 0.0001522406712393621 3.67939539010581e-05 -1 -1 -1 1.0275087356567383
409 0.0001515348128322204 3.741959558950417e-05 -1 -1 -1 0.9204177856445312
410 0.00015036869647970988 3.6494355594714244e-05 -1 -1 -1 1.0258562564849854
411 0.00014974593332379825 3.540369067878395e-05 9.017770512290731 8.362405527363475 -1 3.5966830253601074
412 0.00014901553931513607 3.481490922318082e-05 -1 -1 -1 1.1970446109771729
413 0.00014864001303157768 3.440582952038581e-05 -1 -1 -1 1.0893208980560303
414 0.00014779630819549143 3.456842555776627e-05 -1 -1 -1 1.1856589317321777
415 0.00014728050369135407 3.471592782336874e-05 -1 -1 -1 1.1220316886901855
416 0.0001466737691734691 3.490931140112399e-05 -1 -1 -1 1.098445177078247
417 0.00014621795062174248 3.5147521022746825e-05 -1 -1 -1 1.0920805931091309
418 0.00014556859523920797 3.5179353014483195e-05 -1 -1 -1 1.0794718265533447
419 0.00014475590321138195 3.5362036983631115e-05 -1 -1 -1 0.92333984375
420 0.0001442868002820298 3.531255261470149e-05 -1 -1 -1 1.0300102233886719
421 0.0001444007251856171 3.593984883149172e-05 8.84618719345117 8.195221481742092 -1 3.941282033920288
422 0.00014344356151824273 3.4910087866395545e-05 -1 -1 -1 1.868021011352539
423 0.00014299071673562607 3.512464400752201e-05 -1 -1 -1 1.298947811126709
424 0.000142454734387174 3.391691113435889e-05 -1 -1 -1 1.5208590030670166
425 0.000141670057345149 3.3872106926917695e-05 -1 -1 -1 1.030620813369751
426 0.00014096477117111854 3.333685959561681e-05 -1 -1 -1 1.0413484573364258
427 0.00014067035324005154 3.3711210165108925e-05 -1 -1 -1 1.0437114238739014
428 0.00013997927114128814 3.337033130918771e-05 -1 -1 -1 1.0487229824066162
429 0.00013992761550019208 3.429585103610911e-05 -1 -1 -1 0.9187984466552734
430 0.0001387718903050622 3.3839215711702765e-05 -1 -1 -1 1.0250530242919922
431 0.00013813536499712316 3.35331327957091e-05 8.660430275629421 8.087711163872818 -1 3.664828300476074
432 0.00013763774947034012 3.325036840779779e-05 -1 -1 -1 1.6281836032867432
433 0.00013737500261895124 3.378397120883671e-05 -1 -1 -1 1.0370280742645264
434 0.000136729087075412 3.412016767754145e-05 -1 -1 -1 1.0386478900909424
435 0.00013598169651646568 3.357859065521854e-05 -1 -1 -1 1.9959378242492676
436 0.00013538313317846168 3.3067822394671806e-05 -1 -1 -1 1.0434491634368896
437 0.00013482323394102162 3.269306253185007e-05 -1 -1 -1 1.0448429584503174
438 0.00013493802368034474 3.334735837884323e-05 -1 -1 -1 0.9294335842132568
439 0.00013429649424717414 3.3701643338019747e-05 -1 -1 -1 1.431422472000122
440 0.00013352807017496726 3.271093499133764e-05 -1 -1 -1 1.0170164108276367
441 0.00013309523705798212 3.19956584681318e-05 8.489225199480995 7.899824981806969 -1 3.677659273147583
442 0.00013292488911047733 3.2680198777682166e-05 -1 -1 -1 2.103177070617676
443 0.00013180224570857264 3.223406015368209e-05 -1 -1 -1 1.1017162799835205
444 0.00013153380705398156 3.2676435868925164e-05 -1 -1 -1 1.1047303676605225
445 0.00013075165824522804 3.222095221106125e-05 -1 -1 -1 1.1248364448547363
446 0.0001302635709590317 3.184378299891562e-05 -1 -1 -1 1.0514070987701416
447 0.00012973148981768978 3.175439619491314e-05 -1 -1 -1 0.9315345287322998
448 0.00012930820782144472 3.17302798463001e-05 -1 -1 -1 1.0214977264404297
449 0.00012865711532842643 3.184153997448966e-05 -1 -1 -1 1.015852689743042
450 0.0001280911869645477 3.200999979879077e-05 -1 -1 -1 1.0128483772277832
451 0.00012760288919192939 3.210326454612758e-05 8.320543661281942 7.743351349375427 -1 3.612123489379883
452 0.00012753584755478988 3.265811173513632e-05 -1 -1 -1 1.820502519607544
453 0.0001268127906962361 3.221888615971364e-05 -1 -1 -1 1.04697847366333
454 0.00012632880113040975 3.2259969945664345e-05 -1 -1 -1 1.0323572158813477
455 0.00012578260312150766 3.1442468021478074e-05 -1 -1 -1 1.0173792839050293
456 0.0001252304882608143 3.07840652690386e-05 -1 -1 -1 0.9175572395324707
457 0.00012466013306452835 3.0670060170807054e-05 -1 -1 -1 1.0248932838439941
458 0.00012420392054085684 3.058889112235861e-05 -1 -1 -1 1.1021757125854492
459 0.000123629456648905 3.091324244958265e-05 -1 -1 -1 1.018629550933838
460 0.00012309529987532044 3.125616220290804e-05 -1 -1 -1 1.0186877250671387
461 0.00012312172850340437 3.1832655689453995e-05 8.144944122980709 7.6267983434196704 -1 3.730233669281006
462 0.00012227446183307709 3.157070992711385e-05 -1 -1 -1 1.3502259254455566
463 0.0001220012516653308 3.1504813765295216e-05 -1 -1 -1 1.0267770290374756
464 0.00012147379093536455 3.0655690851480085e-05 -1 -1 -1 1.014683485031128
465 0.00012079087497372187 3.0146866930046653e-05 -1 -1 -1 1.063023567199707
466 0.00012065067483639196 2.9695710519253736e-05 -1 -1 -1 1.0063276290893555
467 0.00011995231500530517 2.9694468504100285e-05 -1 -1 -1 2.85539174079895
468 0.00011937708820510963 3.0122919189657044e-05 -1 -1 -1 1.021164894104004
469 0.0001197720143165309 3.132525082107792e-05 -1 -1 -1 1.019486427307129
470 0.00011914544203894115 3.1872774216200335e-05 -1 -1 -1 1.0174739360809326
471 0.00011860134763792272 3.071114451753125e-05 7.974874720119883 7.496609331236506 -1 3.5668272972106934
472 0.00011777786279291312 2.976311065366722e-05 -1 -1 -1 2.0124740600585938
473 0.00011753287017470142 3.0062683834988728e-05 -1 -1 -1 1.030026912689209
474 0.00011673517436079902 2.9344417521463938e-05 -1 -1 -1 1.0262091159820557
475 0.00011620024085157801 2.9155379427387165e-05 -1 -1 -1 0.9301724433898926
476 0.000116397785156798 2.9929436579816018e-05 -1 -1 -1 1.2154273986816406
477 0.00011556327279663339 3.009115473435545e-05 -1 -1 -1 1.0326974391937256
478 0.00011522007909876963 2.9495694199868137e-05 -1 -1 -1 1.0216834545135498
479 0.00011490748501309656 2.989508254467976e-05 -1 -1 -1 1.3140888214111328
480 0.00011414139971647652 2.971918181496539e-05 -1 -1 -1 1.0592796802520752
481 0.00011396725760542716 2.9923660029097378e-05 7.8131136258161105 7.370331684215429 -1 3.697441816329956
482 0.00011324962842822795 2.9329852903521138e-05 -1 -1 -1 2.2605655193328857
483 0.00011290835155696793 2.8449832632705362e-05 -1 -1 -1 1.0482089519500732
484 0.0001124671887059698 2.7971834348284056e-05 -1 -1 -1 1.0405693054199219
485 0.00011189778553617291 2.8160286943000635e-05 -1 -1 -1 0.9322390556335449
486 0.00011135620717104742 2.8408117006375305e-05 -1 -1 -1 1.0880820751190186
487 0.0001109624462961218 2.8674198234388974e-05 -1 -1 -1 1.042853832244873
488 0.00011047442817361303 2.8894223853580026e-05 -1 -1 -1 1.0462861061096191
489 0.00011079424227000023 2.997246166677391e-05 -1 -1 -1 1.046107292175293
490 0.00011027869357887576 3.0404252282297682e-05 -1 -1 -1 1.047574758529663
491 0.00010981707046333719 2.9101458885073974e-05 7.655185854400731 7.2430304558139875 -1 3.7162129878997803
492 0.00010877548596945233 2.8161553130173016e-05 -1 -1 -1 2.5508062839508057
493 0.00010848006580261815 2.7957545277193742e-05 -1 -1 -1 1.0433039665222168
494 0.00010790197753264395 2.7597993639396847e-05 -1 -1 -1 0.9173686504364014
495 0.00010764471869458502 2.733805690257195e-05 -1 -1 -1 1.1859383583068848
496 0.00010716981252959325 2.7478948546514284e-05 -1 -1 -1 1.077012062072754
497 0.00010709352284985805 2.8263525274060752e-05 -1 -1 -1 1.00655198097229
498 0.00010657685047907369 2.882245849560238e-05 -1 -1 -1 1.010528326034546
499 0.00010618871092403006 2.8289433115633608e-05 -1 -1 -1 1.015559196472168
500 0.00010550819827893185 2.7696017205152014e-05 -1 -1 -1 1.9869117736816406
501 0.00010513988177042268 2.739795781661221e-05 7.4974397250813185 7.1197944799010955 -1 3.680570602416992
502 0.00010465795577369501 2.7291752699423257e-05 -1 -1 -1 1.4048244953155518
503 0.00010458396130716846 2.7868141432145622e-05 -1 -1 -1 1.3258910179138184
504 0.0001038552470269095 2.7674566602559738e-05 -1 -1 -1 0.9649887084960938
505 0.0001036477893400554 2.7985282792406307e-05 -1 -1 -1 1.0393290519714355
506 0.00010328759725141825 2.7511931359320326e-05 -1 -1 -1 1.078672170639038
507 0.00010306434527553431 2.7901530388024396e-05 -1 -1 -1 2.571432113647461
508 0.00010222864677038128 2.730733601374018e-05 -1 -1 -1 1.0716049671173096
509 0.00010198157772756834 2.7214851669229715e-05 -1 -1 -1 1.034600019454956
510 0.00010150964485741079 2.662611264525755e-05 -1 -1 -1 1.0204501152038574
511 0.00010127123528814587 2.6828291229629647e-05 7.3488109779695945 6.97202555124158 -1 3.757504463195801
512 0.00010060217331970365 2.66928596729234e-05 -1 -1 -1 2.1627185344696045
513 0.00010034396358245021 2.6487476075063604e-05 -1 -1 -1 0.9881503582000732
514 9.985494471296424e-05 2.648940209282299e-05 -1 -1 -1 1.0109834671020508
515 9.944842971731322e-05 2.6570075354914645e-05 -1 -1 -1 1.3902478218078613
516 9.944555074773783e-05 2.7179040829410625e-05 -1 -1 -1 0.9994082450866699
517 9.881805305043144e-05 2.6910346224995e-05 -1 -1 -1 1.0043072700500488
518 9.84146213805315e-05 2.6613984780299395e-05 -1 -1 -1 1.0113005638122559
519 9.797443069637607e-05 2.6354182744871504e-05 -1 -1 -1 1.030881404876709
520 9.775986675750489e-05 2.612195461927882e-05 -1 -1 -1 1.9019968509674072
521 9.732682691474829e-05 2.6034796669076718e-05 7.19501513672735 6.846618757430532 -1 3.9724671840667725
522 9.679511229387892e-05 2.6110069925479817e-05 -1 -1 -1 1.8867616653442383
523 9.646171176929174e-05 2.62619679506488e-05 -1 -1 -1 0.9424047470092773
524 9.617109017251328e-05 2.630593891893197e-05 -1 -1 -1 1.0222129821777344
525 9.565457348445475e-05 2.6426033889183574e-05 -1 -1 -1 1.0116784572601318
526 9.596280007010335e-05 2.708918736692783e-05 -1 -1 -1 1.201131820678711
527 9.530059654847972e-05 2.6791998662508885e-05 -1 -1 -1 1.0203709602355957
528 9.497256969074756e-05 2.5855061139337488e-05 -1 -1 -1 1.0274951457977295
529 9.467587148224115e-05 2.502273063797393e-05 -1 -1 -1 1.0149626731872559
530 9.423873101012707e-05 2.469271919164993e-05 -1 -1 -1 0.9203464984893799
531 9.367398135041176e-05 2.5012403596207785e-05 7.047374505535648 6.732254845281517 -1 4.00893759727478
532 9.324000888884139e-05 2.5315868950491352e-05 -1 -1 -1 1.249387264251709
533 9.276134465815618e-05 2.5794934847004754e-05 -1 -1 -1 1.0127856731414795
534 9.244754768931303e-05 2.6038685865947417e-05 -1 -1 -1 1.0443389415740967
535 9.223820624592775e-05 2.5884690161487515e-05 -1 -1 -1 1.041785717010498
536 9.232339227439251e-05 2.628302980448234e-05 -1 -1 -1 1.059779167175293
537 9.176489692844864e-05 2.5452350654927495e-05 -1 -1 -1 1.1273765563964844
538 9.122095699322559e-05 2.4741220008117426e-05 -1 -1 -1 1.0949301719665527
539 9.09573198391785e-05 2.4793784306582097e-05 -1 -1 -1 1.0579192638397217
540 9.056344015375751e-05 2.500159610358156e-05 -1 -1 -1 0.9376025199890137
541 9.003769463519805e-05 2.4749482482566866e-05 6.905971320317136 6.596669193301845 -1 4.006622552871704
542 8.993000435390333e-05 2.4891639242004256e-05 -1 -1 -1 1.234827995300293
543 8.953099393210783e-05 2.5012746612353495e-05 -1 -1 -1 0.9357385635375977
544 8.929513675314614e-05 2.4522182738023007e-05 -1 -1 -1 1.0748915672302246
545 8.890574670686102e-05 2.46251551906473e-05 -1 -1 -1 1.1507043838500977
546 8.853751435239852e-05 2.4812837886619407e-05 -1 -1 -1 1.1779255867004395
547 8.804065272306377e-05 2.4531897937372626e-05 -1 -1 -1 1.0374295711517334
548 8.811179780562562e-05 2.4930491891694118e-05 -1 -1 -1 1.0241820812225342
549 8.749250227112143e-05 2.4337794110748392e-05 -1 -1 -1 1.0349485874176025
550 8.748057855715399e-05 2.469513581512056e-05 -1 -1 -1 0.9388158321380615
551 8.689926236364034e-05 2.4101689806551525e-05 6.763211408054734 6.50370326447716 -1 3.7386298179626465
552 8.64826719723055e-05 2.3944043560115746e-05 -1 -1 -1 1.7699353694915771
553 8.63130935757045e-05 2.373754309504727e-05 -1 -1 -1 1.1110148429870605
554 8.607449499870457e-05 2.3761674631155086e-05 -1 -1 -1 1.0339229106903076
555 8.625925151771928e-05 2.4717595212139173e-05 -1 -1 -1 1.0059330463409424
556 8.582844970056856e-05 2.5134722883456464e-05 -1 -1 -1 1.0073003768920898
557 8.53069054115099e-05 2.5122514496269333e-05 -1 -1 -1 1.0231356620788574
558 8.508655559358137e-05 2.381034304922878e-05 -1 -1 -1 1.0020077228546143
559 8.443797902890109e-05 2.298861664084703e-05 -1 -1 -1 0.9180362224578857
560 8.402000041125985e-05 2.2754207971025973e-05 -1 -1 -1 1.016636848449707
561 8.369116230821825e-05 2.3067924244129666e-05 6.624888363735361 6.396512563226489 -1 3.720815658569336
562 8.336404117293576e-05 2.320654419635488e-05 -1 -1 -1 1.8394055366516113
563 8.372749895062481e-05 2.4399440539187644e-05 -1 -1 -1 1.0118999481201172
564 8.305050640996186e-05 2.4492522908018235e-05 -1 -1 -1 1.005244493484497
565 8.257509803157941e-05 2.409620164478496e-05 -1 -1 -1 1.0169637203216553
566 8.239408885941647e-05 2.3152671937838054e-05 -1 -1 -1 1.2101783752441406
567 8.222938945320372e-05 2.2947575509802668e-05 -1 -1 -1 1.0260159969329834
568 8.255283208639889e-05 2.2660712312078225e-05 -1 -1 -1 1.0073838233947754
569 8.276551508497828e-05 2.317932207913134e-05 -1 -1 -1 0.9174573421478271
570 8.276113043550188e-05 2.3351556407575803e-05 -1 -1 -1 1.010227918624878
571 8.261156420407761e-05 2.365331142688186e-05 6.497751306266093 6.269260173706668 -1 4.025389194488525
572 8.208691307785425e-05 2.3946767112595343e-05 -1 -1 -1 1.1335747241973877
573 8.307111384384764e-05 2.4367098419546288e-05 -1 -1 -1 1.0558011531829834
574 8.4274425423387e-05 2.4386852199803255e-05 -1 -1 -1 1.0214502811431885
575 8.273184393220936e-05 2.3562351086604358e-05 -1 -1 -1 1.2297463417053223
576 8.124485716513349e-05 2.3504022368638802e-05 -1 -1 -1 3.579454183578491
577 8.056242027806599e-05 2.285351436909673e-05 -1 -1 -1 1.0689811706542969
578 7.963579521393225e-05 2.262271206274422e-05 -1 -1 -1 1.0223402976989746
579 7.992150631994669e-05 2.2326273806958453e-05 -1 -1 -1 0.9216306209564209
580 8.059842369677678e-05 2.3161611213845562e-05 -1 -1 -1 1.0208103656768799
581 8.204314709714462e-05 2.255293201332855e-05 6.387502749220398 6.226747050997096 -1 3.6712005138397217
582 8.194527587418143e-05 2.396022035148619e-05 -1 -1 -1 2.4905776977539062
583 8.20154826502373e-05 2.3785394718461658e-05 -1 -1 -1 1.0345416069030762
584 8.277719001376079e-05 2.4287812841934938e-05 -1 -1 -1 1.0303668975830078
585 8.16292536338429e-05 2.3767888029327645e-05 -1 -1 -1 1.3170549869537354
586 8.037096525037596e-05 2.340637479575859e-05 -1 -1 -1 1.057694673538208
587 8.012205209309205e-05 2.213273502797008e-05 -1 -1 -1 1.0116548538208008
588 8.194338379336976e-05 2.3383580005615923e-05 -1 -1 -1 0.907193660736084
589 8.449668057151524e-05 2.2905018275783073e-05 -1 -1 -1 1.1463212966918945
590 8.658179129077854e-05 2.2576879362377364e-05 -1 -1 -1 1.436387538909912
591 8.057586786883541e-05 2.2065815219276365e-05 6.2847827315553575 6.115222594519548 -1 4.204960346221924
592 7.599842430719521e-05 2.264610193285848e-05 -1 -1 -1 2.4092624187469482
593 7.805289121609848e-05 2.3330402206631822e-05 -1 -1 -1 1.0409533977508545
594 7.735346492673248e-05 2.2429700869457768e-05 -1 -1 -1 1.2604050636291504
595 7.538020230876607e-05 2.2148301483907645e-05 -1 -1 -1 1.0338232517242432
596 7.576627293213885e-05 2.198282302321086e-05 -1 -1 -1 1.08188796043396
597 7.471682124305531e-05 2.1423458327612816e-05 -1 -1 -1 0.9648215770721436
598 7.417569403410456e-05 2.148484509514721e-05 -1 -1 -1 1.0380053520202637
599 7.402195428404752e-05 2.151996839551988e-05 -1 -1 -1 1.018678903579712
600 7.325466900784698e-05 2.1465821100470784e-05 -1 -1 -1 1.9529294967651367
601 7.321390544146378e-05 2.169938303000799e-05 6.123751280772908 5.987135217601143 -1 4.291825532913208
602 7.296237900266197e-05 2.182303972071461e-05 -1 -1 -1 1.6468884944915771
603 7.241539103713926e-05 2.157799678051201e-05 -1 -1 -1 1.022474765777588
604 7.238743367573578e-05 2.159813885087728e-05 -1 -1 -1 1.0261850357055664
605 7.245817021871333e-05 2.1862328453301875e-05 -1 -1 -1 1.0160672664642334
606 7.179185642459693e-05 2.1542845605483518e-05 -1 -1 -1 0.9145662784576416
607 7.161504495194288e-05 2.1616705276456205e-05 -1 -1 -1 1.0168263912200928
608 7.146801394041088e-05 2.112975582304414e-05 -1 -1 -1 1.0134234428405762
609 7.133419182622655e-05 2.0787765013964702e-05 -1 -1 -1 1.0098841190338135
610 7.09941558266796e-05 2.0803145545943845e-05 -1 -1 -1 1.0132124423980713
611 7.118462494393868e-05 2.1241581119316813e-05 6.036295139764431 5.9312389222624 -1 3.9020588397979736
612 7.061066898108018e-05 2.1145527923933368e-05 -1 -1 -1 1.7424545288085938
613 7.032006797357096e-05 2.1128671496071826e-05 -1 -1 -1 1.1495816707611084
614 7.029166154907817e-05 2.1231640098272415e-05 -1 -1 -1 1.0640807151794434
615 7.00144309696455e-05 2.1141987521279756e-05 -1 -1 -1 1.045008897781372
616 7.002975460590575e-05 2.1361570077133863e-05 -1 -1 -1 0.9177379608154297
617 6.97005572049646e-05 2.141447082530655e-05 -1 -1 -1 1.2963218688964844
618 6.946670653063642e-05 2.0877018990516313e-05 -1 -1 -1 1.015735149383545
619 6.922104175736764e-05 2.036133688273404e-05 -1 -1 -1 1.0147604942321777
620 6.898476548779686e-05 2.022017547159908e-05 -1 -1 -1 1.1277804374694824
621 6.912445728983755e-05 2.0733540285848893e-05 5.941826497688322 5.863859326262141 -1 3.5136144161224365
622 6.856240744979577e-05 2.0548942853293135e-05 -1 -1 -1 2.389343500137329
623 6.841949122371902e-05 2.0558807007141653e-05 -1 -1 -1 1.1411082744598389
624 6.819249643885873e-05 2.051692884371573e-05 -1 -1 -1 1.0206575393676758
625 6.789408624619669e-05 2.059902843381713e-05 -1 -1 -1 0.9185984134674072
626 6.775935919701297e-05 2.064222913501274e-05 -1 -1 -1 1.1526877880096436
627 6.794377139553838e-05 2.1054371891770114e-05 -1 -1 -1 1.017883539199829
628 6.750851130950014e-05 2.071388956364804e-05 -1 -1 -1 1.0165784358978271
629 6.730436813415632e-05 2.0691151534608838e-05 -1 -1 -1 1.0203964710235596
630 6.72462924379184e-05 2.0769725464220097e-05 -1 -1 -1 1.0261483192443848
631 6.70567451029247e-05 2.0180503771539648e-05 5.8569062292079535 5.794411754594526 -1 4.4442808628082275
632 6.676843130266304e-05 2.010313391461697e-05 -1 -1 -1 2.454881191253662
633 6.647876536227479e-05 1.9928332333327507e-05 -1 -1 -1 3.2276225090026855
634 6.636514009151476e-05 1.978798751497274e-05 -1 -1 -1 1.0512750148773193
635 6.615508932646077e-05 1.9823992579557093e-05 -1 -1 -1 0.9330546855926514
636 6.588521551708265e-05 2.005852956999483e-05 -1 -1 -1 1.0456650257110596
637 6.573924049004204e-05 2.015814753370257e-05 -1 -1 -1 1.0441672801971436
638 6.593647280715276e-05 2.0711693008647286e-05 -1 -1 -1 1.0472397804260254
639 6.546043451488776e-05 2.0432865088170898e-05 -1 -1 -1 1.053938865661621
640 6.520882755937411e-05 2.0211533989620486e-05 -1 -1 -1 1.0427405834197998
641 6.523060941101844e-05 2.0310319613680567e-05 5.775592430995932 5.7259670941003655 -1 5.184741735458374
642 6.490404888207363e-05 1.984415900455344e-05 -1 -1 -1 1.3224210739135742
643 6.4735764671474e-05 1.954948042149532e-05 -1 -1 -1 1.058603048324585
644 6.479580104784251e-05 1.985161246108751e-05 -1 -1 -1 1.2492163181304932
645 6.42894071178373e-05 1.972499590130453e-05 -1 -1 -1 1.025076150894165
646 6.411425340096296e-05 1.967880951403136e-05 -1 -1 -1 1.0098187923431396
647 6.402526543939945e-05 1.9554072538490818e-05 -1 -1 -1 1.0203075408935547
648 6.38240238631417e-05 1.951483463630519e-05 -1 -1 -1 1.8954133987426758
649 6.356074711721623e-05 1.9637458158262294e-05 -1 -1 -1 1.0838675498962402
650 6.339475149571895e-05 1.9672941049628973e-05 -1 -1 -1 1.0122082233428955
651 6.323320079013717e-05 1.9680925217728384e-05 5.688653775143396 5.674449375335585 -1 4.097140312194824
652 6.309876399518855e-05 1.9627010801646633e-05 -1 -1 -1 1.5027496814727783
653 6.286490964264537e-05 1.968159461274171e-05 -1 -1 -1 1.0773937702178955
654 6.280717164179465e-05 1.9538465170952493e-05 -1 -1 -1 0.9251387119293213
655 6.25482607789137e-05 1.9413297683294795e-05 -1 -1 -1 3.107570171356201
656 6.250986920055294e-05 1.9612946501719847e-05 -1 -1 -1 1.125295877456665
657 6.230354179855276e-05 1.966525229144631e-05 -1 -1 -1 1.042278528213501
658 6.210387873911538e-05 1.95935434940972e-05 -1 -1 -1 1.0247445106506348
659 6.195617578245404e-05 1.9233757663585433e-05 -1 -1 -1 1.0364389419555664
660 6.176588382231482e-05 1.893115240307677e-05 -1 -1 -1 2.002350330352783
661 6.183172809974574e-05 1.9304335055628753e-05 5.60833653112611 5.590833857988768 -1 3.7192509174346924
662 6.140441160464332e-05 1.907787423817784e-05 -1 -1 -1 1.253769874572754
663 6.117617034207386e-05 1.9087931912291532e-05 -1 -1 -1 0.9456722736358643
664 6.103923975480478e-05 1.9018201154337605e-05 -1 -1 -1 1.0923378467559814
665 6.0839977136149166e-05 1.902176902236678e-05 -1 -1 -1 1.0858814716339111
666 6.0648146340586255e-05 1.914590832452768e-05 -1 -1 -1 1.0889146327972412
667 6.0531573721941625e-05 1.9096611042098885e-05 -1 -1 -1 1.0871241092681885
668 6.0366827326223315e-05 1.9046221915286725e-05 -1 -1 -1 1.1140201091766357
669 6.030580682340747e-05 1.923254881410575e-05 -1 -1 -1 1.0655488967895508
670 6.010859572142137e-05 1.9286277899288655e-05 -1 -1 -1 1.1695306301116943
671 5.993168479125683e-05 1.895846643737947e-05 5.53151372625252 5.536640697460118 -1 6.8737146854400635
672 5.989676312817999e-05 1.910541828401223e-05 -1 -1 -1 2.1723756790161133
673 5.9540583471025675e-05 1.8758690809694488e-05 -1 -1 -1 0.9270823001861572
674 5.946452538634681e-05 1.870273854702484e-05 -1 -1 -1 1.051943302154541
675 5.928519397911413e-05 1.846691486812689e-05 -1 -1 -1 1.046076774597168
676 5.91795972541327e-05 1.8577863198841715e-05 -1 -1 -1 1.046180248260498
677 5.899006124235684e-05 1.8743510680784586e-05 -1 -1 -1 1.0548293590545654
678 5.871510181213281e-05 1.8665169047100098e-05 -1 -1 -1 1.1385488510131836
679 5.8550435389807344e-05 1.8579897910605863e-05 -1 -1 -1 1.0479531288146973
680 5.84276928875592e-05 1.8468317873250213e-05 -1 -1 -1 0.9255690574645996
681 5.825281502592126e-05 1.8401360750765596e-05 5.4516459762088685 5.467305948026633 -1 3.836700916290283
682 5.811111405824489e-05 1.8395556579533573e-05 -1 -1 -1 1.280923843383789
683 5.7932595319540944e-05 1.8443905090126472e-05 -1 -1 -1 0.9362714290618896
684 5.7813489697384365e-05 1.850005672825909e-05 -1 -1 -1 1.4759252071380615
685 5.7643207559991564e-05 1.8506374508486453e-05 -1 -1 -1 1.0518860816955566
686 5.7427405307663555e-05 1.8588129004488917e-05 -1 -1 -1 1.1257288455963135
687 5.761036165870606e-05 1.8978236168691252e-05 -1 -1 -1 1.1957807540893555
688 5.7396267520141684e-05 1.9023484211171e-05 -1 -1 -1 1.240790605545044
689 5.711889772194037e-05 1.8628628838248938e-05 -1 -1 -1 1.0978713035583496
690 5.688484846083178e-05 1.8131650336074346e-05 -1 -1 -1 0.9429054260253906
691 5.676292206460868e-05 1.7835550477355767e-05 5.377708799458776 5.393626468516768 -1 4.239001750946045
692 5.662440324409134e-05 1.7817790125448697e-05 -1 -1 -1 1.282456874847412
693 5.6455552571922695e-05 1.7684453818318867e-05 -1 -1 -1 1.1919143199920654
694 5.635406018088304e-05 1.7698989817348855e-05 -1 -1 -1 1.6045184135437012
695 5.609593188444614e-05 1.787723947136962e-05 -1 -1 -1 1.1044933795928955
696 5.5898850526270004e-05 1.8068075379515276e-05 -1 -1 -1 1.3799445629119873
697 5.617056688631406e-05 1.8664069923059248e-05 -1 -1 -1 1.1641125679016113
698 5.569345031681722e-05 1.847704475684179e-05 -1 -1 -1 1.0285580158233643
699 5.560964557879698e-05 1.8390399722398232e-05 -1 -1 -1 1.047337532043457
700 5.552306631505672e-05 1.8357844645867833e-05 -1 -1 -1 0.9168045520782471
701 5.533054687463856e-05 1.7719483683025097e-05 5.306734431919881 5.323723254538887 -1 3.6845569610595703
702 5.5153628985816514e-05 1.745465337795847e-05 -1 -1 -1 1.4750001430511475
703 5.5058357295690654e-05 1.722120028550545e-05 -1 -1 -1 1.1808195114135742
704 5.481581329060837e-05 1.7452051278057455e-05 -1 -1 -1 1.072556972503662
705 5.481089926169512e-05 1.7838192041309864e-05 -1 -1 -1 1.0831141471862793
706 5.444327291090943e-05 1.7887457428821177e-05 -1 -1 -1 1.1114487648010254
707 5.429311451539552e-05 1.7860085864619243e-05 -1 -1 -1 1.4041502475738525
708 5.4435832108789645e-05 1.818599574868374e-05 -1 -1 -1 1.3950748443603516
709 5.4139150077672116e-05 1.801764831517149e-05 -1 -1 -1 3.5051441192626953
710 5.396371415307777e-05 1.760984396807164e-05 -1 -1 -1 1.2737188339233398
711 5.3746950935214636e-05 1.7431658063546092e-05 5.23361702639151 5.278369308765763 -1 4.515614986419678
712 5.3766454219926604e-05 1.765151638107425e-05 -1 -1 -1 1.6574230194091797
713 5.356501068568388e-05 1.7261631486468808e-05 -1 -1 -1 1.039154291152954
714 5.333040316862296e-05 1.7152854093939437e-05 -1 -1 -1 1.0376393795013428
715 5.32247420308302e-05 1.714367039097558e-05 -1 -1 -1 1.0421884059906006
716 5.298110766519956e-05 1.7246655196414298e-05 -1 -1 -1 2.03505539894104
717 5.284187289068152e-05 1.7434669917207516e-05 -1 -1 -1 1.0420362949371338
718 5.2899452163961786e-05 1.767232714549284e-05 -1 -1 -1 1.0102298259735107
719 5.272343150506351e-05 1.764515437876266e-05 -1 -1 -1 1.0000770092010498
720 5.25463881632481e-05 1.758953555848539e-05 -1 -1 -1 1.3901293277740479
721 5.2349577190798754e-05 1.732753478933957e-05 5.161426168565959 5.2173507202511615 -1 3.641634464263916
722 5.225400373392904e-05 1.705252912336371e-05 -1 -1 -1 1.157590627670288
723 5.2080697499365864e-05 1.692259092568316e-05 -1 -1 -1 1.0765275955200195
724 5.19229407509904e-05 1.6960823569737838e-05 -1 -1 -1 1.072676658630371
725 5.173846883093775e-05 1.7031402620842173e-05 -1 -1 -1 1.078829288482666
726 5.1937030751026956e-05 1.75942539664799e-05 -1 -1 -1 1.067490816116333
727 5.1615283043290065e-05 1.7637727946713956e-05 -1 -1 -1 1.0786678791046143
728 5.143115958529742e-05 1.7329972598853004e-05 -1 -1 -1 1.0625009536743164
729 5.119763219940932e-05 1.6977704186481906e-05 -1 -1 -1 0.9291970729827881
730 5.120748919202919e-05 1.7134425472869294e-05 -1 -1 -1 1.0628271102905273
731 5.102563107370235e-05 1.713247986387019e-05 5.089598704742894 5.161221747456151 -1 3.6587259769439697
732 5.080537133499396e-05 1.674387201118603e-05 -1 -1 -1 1.3243989944458008
733 5.0705699946024457e-05 1.6688790223250127e-05 -1 -1 -1 1.0598537921905518
734 5.0529333120915574e-05 1.654354901070513e-05 -1 -1 -1 1.079261064529419
735 5.047335675264096e-05 1.6690118801430832e-05 -1 -1 -1 1.1958765983581543
736 5.02058374091122e-05 1.6718064323271412e-05 -1 -1 -1 1.1410622596740723
737 5.0098425455310475e-05 1.6704173761994686e-05 -1 -1 -1 1.0222768783569336
738 4.9908946042773766e-05 1.6791873250970577e-05 -1 -1 -1 0.9148919582366943
739 4.9902762513219704e-05 1.6954039254734277e-05 -1 -1 -1 1.069225788116455
740 4.970450974458137e-05 1.6823127557997864e-05 -1 -1 -1 1.1896650791168213
741 4.957933211002872e-05 1.6647032519906135e-05 5.023183864845021 5.113762639766379 -1 3.6824731826782227
742 4.943520270470091e-05 1.6547326531636666e-05 -1 -1 -1 1.3292229175567627
743 4.9276924980712556e-05 1.6492052485354662e-05 -1 -1 -1 1.067457914352417
744 4.919493545741421e-05 1.6535718499942587e-05 -1 -1 -1 1.0639588832855225
745 4.903941967962977e-05 1.657637869060356e-05 -1 -1 -1 1.0753560066223145
746 4.885977259315673e-05 1.6592709913295165e-05 -1 -1 -1 1.054417371749878
747 4.8728270380411276e-05 1.6688391444835754e-05 -1 -1 -1 0.9559440612792969
748 4.89000076811873e-05 1.7015582557114174e-05 -1 -1 -1 1.0633666515350342
749 4.8615362025998604e-05 1.666223976462202e-05 -1 -1 -1 1.0552799701690674
750 4.8383434409025774e-05 1.6434824005230984e-05 -1 -1 -1 1.0538859367370605
751 4.830880344998737e-05 1.6145844381520916e-05 4.956942414203399 5.045886626856798 -1 3.7556862831115723
752 4.8141560207854964e-05 1.6083491506648588e-05 -1 -1 -1 1.3588931560516357
753 4.8016248195825494e-05 1.6088742676781868e-05 -1 -1 -1 1.0159401893615723
754 4.785154523547178e-05 1.6272473754039843e-05 -1 -1 -1 1.018564224243164
755 4.771881385532055e-05 1.63536141897278e-05 -1 -1 -1 1.0147984027862549
756 4.7908707341291865e-05 1.6787646648785812e-05 -1 -1 -1 0.9265873432159424
757 4.76419292345209e-05 1.6623776500323815e-05 -1 -1 -1 1.1168038845062256
758 4.745694619313634e-05 1.6383419274858063e-05 -1 -1 -1 1.0715417861938477
759 4.7412443641099334e-05 1.6298426636926622e-05 -1 -1 -1 1.3201572895050049
760 4.723982179217585e-05 1.5915025267305886e-05 -1 -1 -1 1.1411914825439453
761 4.7109745408094853e-05 1.5860826646184112e-05 4.896704400089278 4.981024318644202 -1 4.79711651802063
762 4.7006052910463205e-05 1.5917748434221926e-05 -1 -1 -1 1.3016409873962402
763 4.674324785896208e-05 1.5941557368944752e-05 -1 -1 -1 1.5157320499420166
764 4.6887931245283456e-05 1.626931558709047e-05 -1 -1 -1 1.3228950500488281
765 4.659656070691175e-05 1.6045579815290533e-05 -1 -1 -1 1.019763469696045
766 4.663038637556969e-05 1.6274389805379114e-05 -1 -1 -1 0.9414091110229492
767 4.635220525341159e-05 1.5934465769536872e-05 -1 -1 -1 1.0997169017791748
768 4.6224883624551895e-05 1.5743794626713752e-05 -1 -1 -1 1.1052420139312744
769 4.6004098566586956e-05 1.5704730033243618e-05 -1 -1 -1 1.4843418598175049
770 4.5927760322052994e-05 1.5726254781122044e-05 -1 -1 -1 1.0248467922210693
771 4.591142521957044e-05 1.5909077010554996e-05 4.833932076576801 4.923815082997244 -1 3.643934726715088
772 4.564996343969674e-05 1.599622430330559e-05 -1 -1 -1 1.4601168632507324
773 4.558969777011136e-05 1.5815193084525484e-05 -1 -1 -1 1.0189390182495117
774 4.5674484909043613e-05 1.6133213740370705e-05 -1 -1 -1 1.0141503810882568
775 4.543228308301551e-05 1.575472467332885e-05 -1 -1 -1 0.9149336814880371
776 4.5285633096601786e-05 1.571342512871767e-05 -1 -1 -1 1.020141363143921
777 4.517023075354654e-05 1.551677648965381e-05 -1 -1 -1 1.0186924934387207
778 4.5011886408087426e-05 1.5401130028477552e-05 -1 -1 -1 1.0096678733825684
779 4.483713890219384e-05 1.553287133567032e-05 -1 -1 -1 1.0179507732391357
780 4.500821709951916e-05 1.5914061806123086e-05 -1 -1 -1 1.020918369293213
781 4.4687450128334706e-05 1.5784530565658258e-05 4.7662330373742225 4.880282336313417 -1 3.628798723220825
782 4.472080480797183e-05 1.595057688803941e-05 -1 -1 -1 1.5964491367340088
783 4.44852323718113e-05 1.570390861768528e-05 -1 -1 -1 1.025928258895874
784 4.4395050056571895e-05 1.5715583756276205e-05 -1 -1 -1 1.017430305480957
785 4.4170854291429283e-05 1.5348372233550857e-05 -1 -1 -1 0.9447479248046875
786 4.4045268904925646e-05 1.5246683390142274e-05 -1 -1 -1 1.149498462677002
787 4.412999247442626e-05 1.531501449976533e-05 -1 -1 -1 1.0264384746551514
788 4.397527344381886e-05 1.5160835109982303e-05 -1 -1 -1 1.0155079364776611
789 4.3806775852845234e-05 1.504210118865976e-05 -1 -1 -1 1.032588005065918
790 4.3659237021613365e-05 1.5225823047683529e-05 -1 -1 -1 1.3807179927825928
791 4.348333881551086e-05 1.5303737519530174e-05 4.7075904202083905 4.840353981913796 -1 4.7594523429870605
792 4.337981173651646e-05 1.5545502414596106e-05 -1 -1 -1 1.3409714698791504
793 4.33717803161407e-05 1.5365728904730827e-05 -1 -1 -1 1.2428503036499023
794 4.318873118271627e-05 1.544426465869461e-05 -1 -1 -1 1.0799205303192139
795 4.31358751221789e-05 1.5195583204317074e-05 -1 -1 -1 1.0251235961914062
796 4.301380808963592e-05 1.5176157562132253e-05 -1 -1 -1 1.0147616863250732
797 4.289211865581709e-05 1.5065488222002566e-05 -1 -1 -1 1.0177130699157715
798 4.280805875861402e-05 1.523063735050137e-05 -1 -1 -1 1.0215277671813965
799 4.255897029910308e-05 1.5168558617968236e-05 -1 -1 -1 1.0246429443359375
800 4.2524655237012165e-05 1.5206627191849786e-05 -1 -1 -1 1.0190856456756592
801 4.255195034148756e-05 1.5459440115310806e-05 4.650259436262669 4.778897656986063 -1 3.658853769302368
802 4.2293928403538126e-05 1.5110439200802867e-05 -1 -1 -1 1.6964116096496582
803 4.2236872610733075e-05 1.4993507236987271e-05 -1 -1 -1 1.081101417541504
804 4.221467794159401e-05 1.4772709067184412e-05 -1 -1 -1 0.9402346611022949
805 4.2537363791896174e-05 1.5242301315145289e-05 -1 -1 -1 1.0837171077728271
806 4.2347382112740896e-05 1.4943961898464836e-05 -1 -1 -1 1.1218838691711426
807 4.228097935483418e-05 1.5085284744374806e-05 -1 -1 -1 1.584709882736206
808 4.253863165135677e-05 1.4968136608116776e-05 -1 -1 -1 1.0874049663543701
809 4.3049872262206475e-05 1.5646885910274714e-05 -1 -1 -1 1.0852019786834717
810 4.4884115486567296e-05 1.5763780025138547e-05 -1 -1 -1 1.0783917903900146
811 4.8140328849233295e-05 1.7547325933511012e-05 4.589813553581873 4.748602555138003 -1 4.097320556640625
812 5.18205123418641e-05 1.721383196996494e-05 -1 -1 -1 2.5167436599731445
813 5.621465836892439e-05 2.0208353793064178e-05 -1 -1 -1 1.021745204925537
814 7.194015683146449e-05 2.4346717125777882e-05 -1 -1 -1 1.2253990173339844
815 9.886904790298559e-05 3.023506039310198e-05 -1 -1 -1 1.4837079048156738
816 0.00011954675918669869 1.8520559610865533e-05 -1 -1 -1 1.041254997253418
817 7.113305469861343e-05 1.4994218487524797e-05 -1 -1 -1 1.0360260009765625
818 4.601815686325035e-05 2.1666956731061147e-05 -1 -1 -1 1.042097806930542
819 7.46351820786834e-05 1.6766043406448705e-05 -1 -1 -1 1.0287361145019531
820 5.731592344589105e-05 1.4798544471590855e-05 -1 -1 -1 1.0294685363769531
821 4.327677655984504e-05 1.8961029813736515e-05 4.562517038167793 4.713133039571618 -1 3.829986810684204
822 5.915208313109803e-05 1.5619123433943656e-05 -1 -1 -1 2.8790364265441895
823 4.9855590344602605e-05 1.4629983031869802e-05 -1 -1 -1 0.9753096103668213
824 4.2361613647215984e-05 1.7717989402607545e-05 -1 -1 -1 1.0922505855560303
825 5.133900498201978e-05 1.48455890809442e-05 -1 -1 -1 1.032407522201538
826 4.46763497909192e-05 1.4526244055545665e-05 -1 -1 -1 1.032872200012207
827 4.12414708718358e-05 1.5358503668500286e-05 -1 -1 -1 1.037327766418457
828 4.354896607867651e-05 1.442612197111262e-05 -1 -1 -1 1.0444881916046143
829 4.022662337834188e-05 1.445408418905037e-05 -1 -1 -1 1.03236985206604
830 4.177732425618259e-05 1.4736741382974275e-05 -1 -1 -1 0.9277200698852539
831 4.019970884452994e-05 1.5101362756788685e-05 4.535501319542441 4.650869773671873 -1 4.082258462905884
832 4.0633096570047195e-05 1.4635763215503224e-05 -1 -1 -1 1.6544725894927979
833 4.006376776074965e-05 1.4506371191692412e-05 -1 -1 -1 1.241504192352295
834 3.994678051312305e-05 1.4583691530800003e-05 -1 -1 -1 1.2914845943450928
835 3.993644698165432e-05 1.4359840387959112e-05 -1 -1 -1 1.5538594722747803
836 3.962125383153787e-05 1.4247013127609188e-05 -1 -1 -1 1.0614211559295654
837 3.9709200916211655e-05 1.429932778264389e-05 -1 -1 -1 1.0659127235412598
838 3.941341837061846e-05 1.449369633578144e-05 -1 -1 -1 1.302382469177246
839 3.960287974272308e-05 1.4508940177081427e-05 -1 -1 -1 1.0577576160430908
840 3.92216449499261e-05 1.4411593210464975e-05 -1 -1 -1 0.9354889392852783
841 3.9261752984057704e-05 1.4419956042904432e-05 4.457238576182643 4.615014024343175 -1 4.091107368469238
842 3.90862421080004e-05 1.4337560217521156e-05 -1 -1 -1 2.3351638317108154
843 3.902781165608451e-05 1.4239907774939567e-05 -1 -1 -1 1.0304396152496338
844 3.896630563307212e-05 1.425523013655417e-05 -1 -1 -1 1.0523018836975098
845 3.890282030783714e-05 1.4322353200733625e-05 -1 -1 -1 1.1410019397735596
846 3.884503695562773e-05 1.426115034520121e-05 -1 -1 -1 1.035233974456787
847 3.874595400831184e-05 1.4288304311961766e-05 -1 -1 -1 1.0291852951049805
848 3.884634108448165e-05 1.4533792970211742e-05 -1 -1 -1 1.0314066410064697
849 3.8661473979948065e-05 1.4445036094791896e-05 -1 -1 -1 1.046675682067871
850 3.863800972906551e-05 1.4296014853666386e-05 -1 -1 -1 0.9235093593597412
851 3.8577853703305395e-05 1.4279241626734974e-05 4.425434450233423 4.580129974154537 -1 3.9631547927856445
852 3.847267547055018e-05 1.423374621474406e-05 -1 -1 -1 1.496239185333252
853 3.844039753907757e-05 1.4105633876363594e-05 -1 -1 -1 1.0849065780639648
854 3.8383970338207945e-05 1.4043921772660905e-05 -1 -1 -1 1.0641343593597412
855 3.834281245045407e-05 1.409058654519078e-05 -1 -1 -1 1.0615854263305664
856 3.840025193510975e-05 1.4295492909053647e-05 -1 -1 -1 1.0648343563079834
857 3.82211258591355e-05 1.4216819852205338e-05 -1 -1 -1 1.0720338821411133
858 3.816541646651805e-05 1.4172071163732443e-05 -1 -1 -1 1.0556902885437012
859 3.810038731919017e-05 1.415883310051149e-05 -1 -1 -1 0.9277503490447998
860 3.816096206907025e-05 1.4301297014139221e-05 -1 -1 -1 1.0671796798706055
861 3.8000060782580136e-05 1.4168334789647916e-05 4.395228214801594 4.551596919067217 -1 3.6705400943756104
862 3.797898775076479e-05 1.415393835541631e-05 -1 -1 -1 1.5230183601379395
863 3.788934415145285e-05 1.4083702103332787e-05 -1 -1 -1 1.0928888320922852
864 3.787157756664172e-05 1.3987259908576266e-05 -1 -1 -1 1.0280067920684814
865 3.777515863280066e-05 1.3931907132474805e-05 -1 -1 -1 1.0218570232391357
866 3.771819861568401e-05 1.398281924253693e-05 -1 -1 -1 1.0258817672729492
867 3.766811447306928e-05 1.3985593374639447e-05 -1 -1 -1 1.029076337814331
868 3.7625693712701595e-05 1.3996382311174627e-05 -1 -1 -1 1.023357629776001
869 3.768953252076685e-05 1.420233988061755e-05 -1 -1 -1 0.9258670806884766
870 3.752215507908491e-05 1.4130902423847988e-05 -1 -1 -1 1.0289552211761475
871 3.7551286536667e-05 1.4246330959798853e-05 4.366290468998361 4.532105370447158 -1 4.004741907119751
872 3.740761417129699e-05 1.4097368248890551e-05 -1 -1 -1 1.6740787029266357
873 3.7385202839198626e-05 1.3957339925415837e-05 -1 -1 -1 1.0816051959991455
874 3.73226203679633e-05 1.3910924940879576e-05 -1 -1 -1 1.0957868099212646
875 3.725563367594053e-05 1.3819989391967383e-05 -1 -1 -1 1.1056783199310303
876 3.7295183490461264e-05 1.3963768714504601e-05 -1 -1 -1 1.4969050884246826
877 3.7143970364363453e-05 1.3866667074897815e-05 -1 -1 -1 1.2022922039031982
878 3.7081233121871246e-05 1.383596693361901e-05 -1 -1 -1 1.0827786922454834
879 3.704542798090773e-05 1.3832064734032568e-05 -1 -1 -1 0.9344098567962646
880 3.6968937615718616e-05 1.3812233495372035e-05 -1 -1 -1 1.0696401596069336
881 3.697300354282728e-05 1.3882262801241133e-05 4.335743020116538 4.512669550819022 -1 3.9942305088043213
882 3.699739532955702e-05 1.4082468315440155e-05 -1 -1 -1 1.1857295036315918
883 3.6844773957185045e-05 1.3958040127635954e-05 -1 -1 -1 1.1484949588775635
884 3.684578222789235e-05 1.4030859043226486e-05 -1 -1 -1 2.2209880352020264
885 3.6744643010091874e-05 1.3921321942883374e-05 -1 -1 -1 1.3893101215362549
886 3.667404337891075e-05 1.382154138785037e-05 -1 -1 -1 1.0969810485839844
887 3.667509679664317e-05 1.386447728596785e-05 -1 -1 -1 1.044877529144287
888 3.655712760952421e-05 1.3710274415127021e-05 -1 -1 -1 0.9205520153045654
889 3.658858086813564e-05 1.3785126919628254e-05 -1 -1 -1 1.1025922298431396
890 3.646426641031413e-05 1.3658315953965257e-05 -1 -1 -1 1.084129810333252
891 3.649989449930254e-05 1.3762363281257139e-05 4.307949495423259 4.4737346125175685 -1 3.8666975498199463
892 3.6372276274630164e-05 1.3674038450109375e-05 -1 -1 -1 2.781601905822754
893 3.6312485484438655e-05 1.362035987149297e-05 -1 -1 -1 1.263503074645996
894 3.636643288937214e-05 1.3801497788820444e-05 -1 -1 -1 1.0552048683166504
895 3.6292283434071654e-05 1.3893823628770524e-05 -1 -1 -1 1.6386544704437256
896 3.61439163912815e-05 1.3774779308786537e-05 -1 -1 -1 1.0871062278747559
897 3.617365062951051e-05 1.3849527551288235e-05 -1 -1 -1 0.914820671081543
898 3.608644473343662e-05 1.3666481914707705e-05 -1 -1 -1 1.0239417552947998
899 3.604490212612226e-05 1.3687170655886342e-05 -1 -1 -1 1.057262897491455
900 3.5949638149785406e-05 1.3539146241642392e-05 -1 -1 -1 1.1372127532958984
901 3.591886605841508e-05 1.3473953995701958e-05 4.280712533259753 4.449552470440922 -1 3.790982246398926
902 3.595203260534308e-05 1.3611009268135596e-05 -1 -1 -1 1.9608254432678223
903 3.587319496918307e-05 1.3716874913701053e-05 -1 -1 -1 1.0174109935760498
904 3.574118372771605e-05 1.3609384027050594e-05 -1 -1 -1 1.0292203426361084
905 3.56709699669873e-05 1.3557695023896565e-05 -1 -1 -1 1.2459406852722168
906 3.5723231006665826e-05 1.3656021587172548e-05 -1 -1 -1 2.160306215286255
907 3.560950764608663e-05 1.3530641746156278e-05 -1 -1 -1 1.0181076526641846
908 3.555076426373443e-05 1.3441335567841828e-05 -1 -1 -1 1.0158379077911377
909 3.558438033193777e-05 1.3589453106914832e-05 -1 -1 -1 1.0072879791259766
910 3.545955956151079e-05 1.348652497574137e-05 -1 -1 -1 2.8250153064727783
911 3.546991393953888e-05 1.3604228554092444e-05 4.253844284088955 4.412838245863094 -1 5.2507171630859375
912 3.531814794068811e-05 1.3535750149464186e-05 -1 -1 -1 2.402712345123291
913 3.526403830906443e-05 1.3466474113084204e-05 -1 -1 -1 2.0928492546081543
914 3.5229853679190595e-05 1.3382856736738763e-05 -1 -1 -1 1.021834135055542
915 3.5175463899307715e-05 1.3348268779761079e-05 -1 -1 -1 1.0179641246795654
916 3.514466226929889e-05 1.3356791781643241e-05 -1 -1 -1 0.9120571613311768
917 3.520021682113103e-05 1.3538731073993294e-05 -1 -1 -1 1.0110962390899658
918 3.501633331872164e-05 1.3502032615860298e-05 -1 -1 -1 1.007899522781372
919 3.499431179736777e-05 1.344309827949883e-05 -1 -1 -1 1.0097737312316895
920 3.49502509037636e-05 1.3411220589988666e-05 -1 -1 -1 1.1073951721191406
921 3.488854507610127e-05 1.3339820728420398e-05 4.222818409651847 4.400408915336174 -1 3.730771780014038
922 3.481462855428772e-05 1.3351876497679647e-05 -1 -1 -1 1.166038990020752
923 3.4761971166804644e-05 1.3372572833605716e-05 -1 -1 -1 1.042541742324829
924 3.471307523426181e-05 1.3373392928527293e-05 -1 -1 -1 1.0061187744140625
925 3.467432492714347e-05 1.3352328873703207e-05 -1 -1 -1 0.9285445213317871
926 3.462363201511292e-05 1.334400829727863e-05 -1 -1 -1 1.1343224048614502
927 3.4595065339218495e-05 1.3333376330996028e-05 -1 -1 -1 1.014683723449707
928 3.454072266634124e-05 1.3312360772068745e-05 -1 -1 -1 1.0077528953552246
929 3.44659330275305e-05 1.3327643383527998e-05 -1 -1 -1 1.0129599571228027
930 3.444181665801922e-05 1.3329350744685426e-05 -1 -1 -1 1.0383074283599854
931 3.4390354402286355e-05 1.3311604398303827e-05 4.19601228562556 4.365336118314115 -1 4.167131662368774
932 3.444152108418663e-05 1.3460958731638044e-05 -1 -1 -1 1.8810522556304932
933 3.4309165265974794e-05 1.3369876481436627e-05 -1 -1 -1 1.0816729068756104
934 3.4242101094207436e-05 1.3274523809473495e-05 -1 -1 -1 1.0659868717193604
935 3.4225708152102196e-05 1.3246091102471754e-05 -1 -1 -1 0.9318888187408447
936 3.413628116946159e-05 1.3212641277038578e-05 -1 -1 -1 1.0719420909881592
937 3.411726974322885e-05 1.3199620921434584e-05 -1 -1 -1 1.068903923034668
938 3.404714934560191e-05 1.3152654377487305e-05 -1 -1 -1 1.0722293853759766
939 3.400485909213788e-05 1.3106245627049512e-05 -1 -1 -1 1.0778300762176514
940 3.398164645951208e-05 1.3142009601441638e-05 -1 -1 -1 1.0664832592010498
941 3.4011277609358986e-05 1.3321440223434048e-05 4.167727422029621 4.344188214272362 -1 3.7109012603759766
942 3.3871840720816364e-05 1.3213369940333711e-05 -1 -1 -1 1.2283673286437988
943 3.379306637494205e-05 1.3167743532397562e-05 -1 -1 -1 1.0987896919250488
944 3.374180551778723e-05 1.313713206472336e-05 -1 -1 -1 0.9708981513977051
945 3.370857536520711e-05 1.3076357213318592e-05 -1 -1 -1 1.118394374847412
946 3.364574039123564e-05 1.3076377442909413e-05 -1 -1 -1 1.0669214725494385
947 3.372340751555838e-05 1.3247904601990148e-05 -1 -1 -1 1.2867953777313232
948 3.356798638421946e-05 1.3156138077099261e-05 -1 -1 -1 1.0945041179656982
949 3.355175692693952e-05 1.313530587945435e-05 -1 -1 -1 1.0790808200836182
950 3.350317908865488e-05 1.3092465920778927e-05 -1 -1 -1 1.0516307353973389
951 3.344633771681732e-05 1.3027258410120835e-05 4.139661450484598 4.326970710232434 -1 3.81060791015625
952 3.338832843458066e-05 1.2985074158525075e-05 -1 -1 -1 3.010026693344116
953 3.343799325797292e-05 1.315257746783936e-05 -1 -1 -1 1.069507360458374
954 3.3370000159629255e-05 1.3245974603201175e-05 -1 -1 -1 0.9261980056762695
955 3.3234972693709046e-05 1.312563493846099e-05 -1 -1 -1 1.0305094718933105
956 3.3217620784833393e-05 1.3059657502589588e-05 -1 -1 -1 1.0249638557434082
957 3.314924912322487e-05 1.2952320048157873e-05 -1 -1 -1 1.0181519985198975
958 3.312438317617032e-05 1.2886712098151102e-05 -1 -1 -1 1.0209851264953613
959 3.307814099616945e-05 1.2852843329204896e-05 -1 -1 -1 1.0338811874389648
960 3.299103691326847e-05 1.2872712807605399e-05 -1 -1 -1 1.02134370803833
961 3.296394432807363e-05 1.2879598281850156e-05 4.113566077844044 4.291658405860677 -1 3.7071824073791504
962 3.289569184840074e-05 1.289449921636392e-05 -1 -1 -1 1.3956420421600342
963 3.286232804073504e-05 1.2942824606849304e-05 -1 -1 -1 0.9796242713928223
964 3.2806629969549126e-05 1.2943387715834064e-05 -1 -1 -1 1.0973405838012695
965 3.275883844895177e-05 1.2943756112788877e-05 -1 -1 -1 1.0400404930114746
966 3.2706274581514056e-05 1.2956654255802984e-05 -1 -1 -1 1.0756182670593262
967 3.2668881417595235e-05 1.2929278087328402e-05 -1 -1 -1 1.0555837154388428
968 3.261647875059254e-05 1.2910675783596373e-05 -1 -1 -1 1.034637212753296
969 3.257738195908189e-05 1.2883104764382294e-05 -1 -1 -1 1.0182485580444336
970 3.2521825750075043e-05 1.2866190052597624e-05 -1 -1 -1 2.151061773300171
971 3.258495939365125e-05 1.3018051401847634e-05 4.087148785460298 4.262553747001931 -1 4.614136695861816
972 3.2435911339446986e-05 1.2940580240928018e-05 -1 -1 -1 1.2641172409057617
973 3.238763758123192e-05 1.2878808727677771e-05 -1 -1 -1 0.9170126914978027
974 3.235882445385353e-05 1.2784079062979011e-05 -1 -1 -1 1.0223197937011719
975 3.229125368082191e-05 1.275043153764773e-05 -1 -1 -1 1.0203402042388916
976 3.2260512639328834e-05 1.2715645931495316e-05 -1 -1 -1 1.014134168624878
977 3.2223217150963585e-05 1.2738000436934084e-05 -1 -1 -1 1.015564203262329
978 3.215029887756062e-05 1.2766598460987185e-05 -1 -1 -1 1.0316638946533203
979 3.212043942819631e-05 1.2790023364841237e-05 -1 -1 -1 1.078202486038208
980 3.207157042898916e-05 1.278686556359467e-05 -1 -1 -1 0.9507186412811279
981 3.201045751877217e-05 1.2811895742193667e-05 4.0580618730902325 4.253427968081255 -1 4.001424551010132
982 3.1994054055076935e-05 1.279451926518981e-05 -1 -1 -1 1.3223397731781006
983 3.192159696772117e-05 1.2779249611217008e-05 -1 -1 -1 0.9437534809112549
984 3.192720723969214e-05 1.2774361092357422e-05 -1 -1 -1 1.0738160610198975
985 3.184077936935674e-05 1.2748443197471199e-05 -1 -1 -1 1.109647274017334
986 3.18231024095352e-05 1.2715775047398457e-05 -1 -1 -1 1.075815200805664
987 3.174788942796648e-05 1.268429965294366e-05 -1 -1 -1 1.0785908699035645
988 3.170006416574382e-05 1.265011909616041e-05 -1 -1 -1 1.0748639106750488
989 3.16971730230553e-05 1.2630577439463813e-05 -1 -1 -1 1.0711712837219238
990 3.171757841959682e-05 1.2772697430536365e-05 -1 -1 -1 0.9380483627319336
991 3.157231551172246e-05 1.2688481449767107e-05 4.031999920781001 4.219016893698995 -1 4.116227865219116
992 3.156013473545832e-05 1.264109051080587e-05 -1 -1 -1 1.3979456424713135
993 3.156906929582888e-05 1.2751830373315642e-05 -1 -1 -1 1.3007395267486572
994 3.148469781095364e-05 1.2609531773095167e-05 -1 -1 -1 1.0601954460144043
995 3.142112073701359e-05 1.2503018143937586e-05 -1 -1 -1 1.013275146484375
996 3.1378679275435064e-05 1.2503603952290692e-05 -1 -1 -1 1.010300636291504
997 3.13305165257452e-05 1.249386029767489e-05 -1 -1 -1 1.0664079189300537
998 3.125430626186345e-05 1.252852025803163e-05 -1 -1 -1 1.3059108257293701
999 3.122773079929461e-05 1.2591601651734532e-05 -1 -1 -1 1.0474421977996826
1000 3.117725632265272e-05 1.2610840538624547e-05 -1 -1 -1 0.9210751056671143
1001 3.118642509608373e-05 1.2618527053257918e-05 4.006951404023053 4.197699003511115 -1 3.722283363342285
1002 3.112163321115948e-05 1.261686470900426e-05 -1 -1 -1 1.0909175872802734
1003 3.1139461937225506e-05 1.2726573286197033e-05 -1 -1 -1 1.0631542205810547
1004 3.104965320484657e-05 1.259757182325198e-05 -1 -1 -1 1.019578218460083
1005 3.1012747713060515e-05 1.250424625790934e-05 -1 -1 -1 1.0126123428344727
1006 3.09364004849421e-05 1.2439889894725699e-05 -1 -1 -1 1.7512831687927246
1007 3.0893950142999276e-05 1.2384970962571958e-05 -1 -1 -1 1.022132158279419
1008 3.084136485805163e-05 1.2393027391957587e-05 -1 -1 -1 1.0075678825378418
1009 3.0784600102665384e-05 1.238295919154132e-05 -1 -1 -1 0.9141032695770264
1010 3.077415706336595e-05 1.2388797629634973e-05 -1 -1 -1 1.0138893127441406
1011 3.0687141686044054e-05 1.2422748367955393e-05 3.9790265033862995 4.169249943515178 -1 4.0347630977630615
1012 3.0649825751045054e-05 1.2420763539765888e-05 -1 -1 -1 1.2908804416656494
1013 3.060522035857052e-05 1.23985223096201e-05 -1 -1 -1 1.0310378074645996
1014 3.055324471278102e-05 1.242716917113793e-05 -1 -1 -1 1.1106252670288086
1015 3.051685273076131e-05 1.2427887848082578e-05 -1 -1 -1 1.1252317428588867
1016 3.046737050592988e-05 1.2434051798807861e-05 -1 -1 -1 1.0158581733703613
1017 3.05342377444236e-05 1.2579302576304631e-05 -1 -1 -1 1.0129284858703613
1018 3.040748514820067e-05 1.2471142485361485e-05 -1 -1 -1 1.0081095695495605
1019 3.0376706012837858e-05 1.2392202527566252e-05 -1 -1 -1 0.9141111373901367
1020 3.0308985792773182e-05 1.231348964747354e-05 -1 -1 -1 1.0126140117645264
1021 3.0264115884970538e-05 1.2267449324186371e-05 3.9553537693060545 4.144207507977599 -1 3.7799232006073
1022 3.0218064785204783e-05 1.2262719976193841e-05 -1 -1 -1 1.381293773651123
1023 3.022052683353288e-05 1.2308193747928318e-05 -1 -1 -1 1.1619746685028076
1024 3.012867834924071e-05 1.232141393170907e-05 -1 -1 -1 1.102386474609375
1025 3.012426057375101e-05 1.2346213581757976e-05 -1 -1 -1 1.069514274597168
1026 3.0061754024049246e-05 1.231281266723022e-05 -1 -1 -1 1.0734186172485352
1027 3.0008014856826843e-05 1.2278533300007628e-05 -1 -1 -1 1.2107985019683838
1028 2.99873780531834e-05 1.225320625418728e-05 -1 -1 -1 1.2244529724121094
1029 2.9932187234601596e-05 1.2217908759926156e-05 -1 -1 -1 0.9297912120819092
1030 2.9885421885110728e-05 1.2221219921765347e-05 -1 -1 -1 1.0939786434173584
1031 2.9877795804764228e-05 1.226944993752852e-05 3.9301076437426787 4.116606477103678 -1 4.122562885284424
1032 2.9908122709367602e-05 1.2440273906579851e-05 -1 -1 -1 1.1874525547027588
1033 2.9803669821989953e-05 1.2367267107176035e-05 -1 -1 -1 1.0625007152557373
1034 2.973822774743165e-05 1.2268179146066378e-05 -1 -1 -1 1.0627532005310059
1035 2.9682435770221236e-05 1.2158988714879645e-05 -1 -1 -1 1.0641202926635742
1036 2.96279593189e-05 1.211084394464515e-05 -1 -1 -1 1.098299264907837
1037 2.9596904617224288e-05 1.2096716908571254e-05 -1 -1 -1 1.1298766136169434
1038 2.9556315188327254e-05 1.2094430094018076e-05 -1 -1 -1 0.9691886901855469
1039 2.9498613653372e-05 1.2149313196127604e-05 -1 -1 -1 1.1321191787719727
1040 2.9505515741338765e-05 1.2214801351374616e-05 -1 -1 -1 1.3082334995269775
1041 2.9427460643776254e-05 1.2214925676843615e-05 3.9040138514254625 4.09813121493303 -1 4.471999883651733
1042 2.938419008664991e-05 1.2185287936948875e-05 -1 -1 -1 1.3966560363769531
1043 2.9340087078621312e-05 1.2149911179938831e-05 -1 -1 -1 1.0102646350860596
1044 2.9290628184235172e-05 1.2148102438287768e-05 -1 -1 -1 1.010274887084961
1045 2.9248932792575462e-05 1.21323720510599e-05 -1 -1 -1 1.0201330184936523
1046 2.921622855610685e-05 1.2098287496178872e-05 -1 -1 -1 1.0033206939697266
1047 2.9181334505924937e-05 1.2072384026654281e-05 -1 -1 -1 0.9188451766967773
1048 2.9136477083308982e-05 1.2058746215613942e-05 -1 -1 -1 1.012838363647461
1049 2.913032040909563e-05 1.2093214800290811e-05 -1 -1 -1 2.0409810543060303
1050 2.904525310842131e-05 1.2122279910263686e-05 -1 -1 -1 1.0003423690795898
1051 2.9044007884915016e-05 1.2116245708416386e-05 3.878587360868232 4.0758463752962415 -1 3.9555695056915283
1052 2.896861445721213e-05 1.2096871509391864e-05 -1 -1 -1 2.606438159942627
1053 2.895835021595762e-05 1.2047485913223983e-05 -1 -1 -1 1.0055046081542969
1054 2.890564530717091e-05 1.197320460461202e-05 -1 -1 -1 1.0130243301391602
1055 2.8889503138374467e-05 1.1993030366068977e-05 -1 -1 -1 1.0307180881500244
1056 2.883573625684432e-05 1.2007761775625837e-05 -1 -1 -1 1.0959529876708984
1057 2.887433762324141e-05 1.2141686207755897e-05 -1 -1 -1 1.0321757793426514
1058 2.8779401432557738e-05 1.2090894740411836e-05 -1 -1 -1 1.152435541152954
1059 2.8724624126540026e-05 1.2058161579476321e-05 -1 -1 -1 1.4779627323150635
1060 2.867870470831425e-05 1.194818992112196e-05 -1 -1 -1 0.9969925880432129
1061 2.861008098431976e-05 1.1905053306333692e-05 3.8534530884872282 4.05237243738614 -1 4.147216081619263
1062 2.8585784055278745e-05 1.1880448683698166e-05 -1 -1 -1 1.2032833099365234
1063 2.8575523482162633e-05 1.1884463479113058e-05 -1 -1 -1 1.0359702110290527
1064 2.848836148537675e-05 1.1917631913431183e-05 -1 -1 -1 1.006943702697754
1065 2.847108072187791e-05 1.1948241522564216e-05 -1 -1 -1 1.0019595623016357
1066 2.8421235772703056e-05 1.1920769914682817e-05 -1 -1 -1 0.9244940280914307
1067 2.8368417377642464e-05 1.1919962570386902e-05 -1 -1 -1 1.0381693840026855
1068 2.8371975972964765e-05 1.1940095119356579e-05 -1 -1 -1 1.002652883529663
1069 2.8289817291181455e-05 1.1951824370055319e-05 -1 -1 -1 1.5585591793060303
1070 2.828132113248558e-05 1.1928281834353957e-05 -1 -1 -1 1.057591199874878
1071 2.8255505755207255e-05 1.1894521017938122e-05 3.830353701994808 4.024481115532548 -1 3.8026950359344482
1072 2.8205287565954405e-05 1.1881228111609209e-05 -1 -1 -1 1.240865707397461
1073 2.8137166269292705e-05 1.186325892552285e-05 -1 -1 -1 1.1140027046203613
1074 2.8103539464704196e-05 1.181040047792033e-05 -1 -1 -1 1.0246520042419434
1075 2.8083812798354753e-05 1.180548176245572e-05 -1 -1 -1 0.9038529396057129
1076 2.803146925376872e-05 1.1798582043411797e-05 -1 -1 -1 1.0082411766052246
1077 2.7987044868318298e-05 1.1801009345054759e-05 -1 -1 -1 1.0418009757995605
1078 2.793598597965288e-05 1.1824869386804739e-05 -1 -1 -1 1.011232852935791
1079 2.790495696513776e-05 1.185713280633686e-05 -1 -1 -1 1.0018377304077148
1080 2.7910538151286183e-05 1.1857433257728619e-05 -1 -1 -1 1.0082073211669922
1081 2.784791154606727e-05 1.1854492355535555e-05 3.804707557118153 4.0026882838031455 -1 3.836351156234741
1082 2.779104461047923e-05 1.1796754881063337e-05 -1 -1 -1 1.1849539279937744
1083 2.7746681625021957e-05 1.1746569667207897e-05 -1 -1 -1 1.0408945083618164
1084 2.7715022578693674e-05 1.1714928461186375e-05 -1 -1 -1 1.1374599933624268
1085 2.766634290835202e-05 1.1705302443702758e-05 -1 -1 -1 0.9147090911865234
1086 2.7645836633091626e-05 1.1719032894007043e-05 -1 -1 -1 1.007021188735962
1087 2.758385306711443e-05 1.1749734725998878e-05 -1 -1 -1 1.005042552947998
1088 2.7555276437752046e-05 1.1736829875475282e-05 -1 -1 -1 1.0057194232940674
1089 2.7553156151616016e-05 1.1750286439612915e-05 -1 -1 -1 1.0112779140472412
1090 2.7503766699233673e-05 1.1748555802070944e-05 -1 -1 -1 1.0302135944366455
1091 2.7471123751756694e-05 1.1722477220870037e-05 3.7804141549374326 3.982677671901418 -1 4.142756223678589
1092 2.748615612726273e-05 1.184286240262227e-05 -1 -1 -1 3.6492245197296143
1093 2.7384239176174296e-05 1.170436871314281e-05 -1 -1 -1 1.2042176723480225
1094 2.739184594669587e-05 1.1773292063391249e-05 -1 -1 -1 0.9948539733886719
1095 2.731004319892917e-05 1.1631887211599414e-05 -1 -1 -1 1.6104695796966553
1096 2.7247579295563452e-05 1.1582284664551005e-05 -1 -1 -1 1.0069539546966553
1097 2.722312489830339e-05 1.1536970625759035e-05 -1 -1 -1 1.0404133796691895
1098 2.7170518461190625e-05 1.1569181371885015e-05 -1 -1 -1 2.768325090408325
1099 2.7135323295065595e-05 1.1575892057774717e-05 -1 -1 -1 2.5595874786376953
1100 2.7210069592884632e-05 1.1763197032893374e-05 -1 -1 -1 1.1579105854034424
1101 2.711275543734379e-05 1.1712453613603196e-05 3.756887882344383 3.960307375300428 -1 4.059824466705322
1102 2.7055279289071807e-05 1.1642431159049322e-05 -1 -1 -1 1.6686463356018066
1103 2.6995234448150955e-05 1.1568128814329852e-05 -1 -1 -1 1.035078763961792
1104 2.6963848324323222e-05 1.1489359345191927e-05 -1 -1 -1 0.9121019840240479
1105 2.701072939044243e-05 1.1636632874768176e-05 -1 -1 -1 1.2407629489898682
1106 2.691364261369011e-05 1.157744833636513e-05 -1 -1 -1 1.0102033615112305
1107 2.6868136081664567e-05 1.1559627056235159e-05 -1 -1 -1 1.0108587741851807
1108 2.6793607063697006e-05 1.1542278294483834e-05 -1 -1 -1 1.2202770709991455
1109 2.6764657363964854e-05 1.1494691125563082e-05 -1 -1 -1 1.162165641784668
1110 2.6819882703814825e-05 1.1633901719298248e-05 -1 -1 -1 1.0236485004425049
